mode: atomic
github.com/luxfi/evm/accounts/abi/abi.go:59.42,63.41 3 311
github.com/luxfi/evm/accounts/abi/abi.go:63.41,65.3 1 2
github.com/luxfi/evm/accounts/abi/abi.go:66.2,66.17 1 309
github.com/luxfi/evm/accounts/abi/abi.go:74.71,76.16 1 145
github.com/luxfi/evm/accounts/abi/abi.go:76.16,79.17 2 1
github.com/luxfi/evm/accounts/abi/abi.go:79.17,81.4 1 0
github.com/luxfi/evm/accounts/abi/abi.go:82.3,82.24 1 1
github.com/luxfi/evm/accounts/abi/abi.go:84.2,85.12 2 144
github.com/luxfi/evm/accounts/abi/abi.go:85.12,87.3 1 2
github.com/luxfi/evm/accounts/abi/abi.go:88.2,89.16 2 142
github.com/luxfi/evm/accounts/abi/abi.go:89.16,91.3 1 2
github.com/luxfi/evm/accounts/abi/abi.go:93.2,93.45 1 140
github.com/luxfi/evm/accounts/abi/abi.go:103.91,105.12 2 3
github.com/luxfi/evm/accounts/abi/abi.go:105.12,107.3 1 0
github.com/luxfi/evm/accounts/abi/abi.go:108.2,108.36 1 3
github.com/luxfi/evm/accounts/abi/abi.go:108.36,110.3 1 0
github.com/luxfi/evm/accounts/abi/abi.go:112.2,119.35 2 3
github.com/luxfi/evm/accounts/abi/abi.go:119.35,120.18 1 9
github.com/luxfi/evm/accounts/abi/abi.go:120.18,123.4 2 2
github.com/luxfi/evm/accounts/abi/abi.go:123.9,126.4 2 7
github.com/luxfi/evm/accounts/abi/abi.go:129.2,130.16 2 3
github.com/luxfi/evm/accounts/abi/abi.go:130.16,132.3 1 0
github.com/luxfi/evm/accounts/abi/abi.go:133.2,134.22 2 3
github.com/luxfi/evm/accounts/abi/abi.go:134.22,136.3 1 2
github.com/luxfi/evm/accounts/abi/abi.go:137.2,138.16 2 3
github.com/luxfi/evm/accounts/abi/abi.go:138.16,140.3 1 0
github.com/luxfi/evm/accounts/abi/abi.go:142.2,142.63 1 3
github.com/luxfi/evm/accounts/abi/abi.go:147.77,150.12 2 1
github.com/luxfi/evm/accounts/abi/abi.go:150.12,152.3 1 0
github.com/luxfi/evm/accounts/abi/abi.go:153.2,154.16 2 1
github.com/luxfi/evm/accounts/abi/abi.go:154.16,156.3 1 0
github.com/luxfi/evm/accounts/abi/abi.go:157.2,157.23 1 1
github.com/luxfi/evm/accounts/abi/abi.go:162.91,166.41 2 5
github.com/luxfi/evm/accounts/abi/abi.go:166.41,167.41 1 5
github.com/luxfi/evm/accounts/abi/abi.go:167.41,169.4 1 1
github.com/luxfi/evm/accounts/abi/abi.go:170.3,170.23 1 4
github.com/luxfi/evm/accounts/abi/abi.go:172.2,172.39 1 4
github.com/luxfi/evm/accounts/abi/abi.go:172.39,174.3 1 0
github.com/luxfi/evm/accounts/abi/abi.go:175.2,175.17 1 4
github.com/luxfi/evm/accounts/abi/abi.go:175.17,177.3 1 0
github.com/luxfi/evm/accounts/abi/abi.go:178.2,178.18 1 4
github.com/luxfi/evm/accounts/abi/abi.go:182.74,186.41 2 197
github.com/luxfi/evm/accounts/abi/abi.go:186.41,187.24 1 174
github.com/luxfi/evm/accounts/abi/abi.go:187.24,189.4 1 2
github.com/luxfi/evm/accounts/abi/abi.go:190.3,190.24 1 172
github.com/luxfi/evm/accounts/abi/abi.go:192.2,192.39 1 195
github.com/luxfi/evm/accounts/abi/abi.go:192.39,194.3 1 23
github.com/luxfi/evm/accounts/abi/abi.go:195.2,195.17 1 195
github.com/luxfi/evm/accounts/abi/abi.go:195.17,197.3 1 0
github.com/luxfi/evm/accounts/abi/abi.go:198.2,198.18 1 195
github.com/luxfi/evm/accounts/abi/abi.go:205.97,207.16 2 0
github.com/luxfi/evm/accounts/abi/abi.go:207.16,209.3 1 0
github.com/luxfi/evm/accounts/abi/abi.go:210.2,210.26 1 0
github.com/luxfi/evm/accounts/abi/abi.go:214.72,216.16 2 118
github.com/luxfi/evm/accounts/abi/abi.go:216.16,218.3 1 0
github.com/luxfi/evm/accounts/abi/abi.go:219.2,219.26 1 118
github.com/luxfi/evm/accounts/abi/abi.go:228.108,230.16 2 5
github.com/luxfi/evm/accounts/abi/abi.go:230.16,232.3 1 1
github.com/luxfi/evm/accounts/abi/abi.go:233.2,234.16 2 4
github.com/luxfi/evm/accounts/abi/abi.go:234.16,236.3 1 0
github.com/luxfi/evm/accounts/abi/abi.go:237.2,237.31 1 4
github.com/luxfi/evm/accounts/abi/abi.go:243.83,245.16 2 70
github.com/luxfi/evm/accounts/abi/abi.go:245.16,247.3 1 0
github.com/luxfi/evm/accounts/abi/abi.go:248.2,249.16 2 70
github.com/luxfi/evm/accounts/abi/abi.go:249.16,251.3 1 7
github.com/luxfi/evm/accounts/abi/abi.go:252.2,252.31 1 63
github.com/luxfi/evm/accounts/abi/abi.go:256.94,258.16 2 9
github.com/luxfi/evm/accounts/abi/abi.go:258.16,260.3 1 2
github.com/luxfi/evm/accounts/abi/abi.go:261.2,261.36 1 7
github.com/luxfi/evm/accounts/abi/abi.go:265.50,284.54 2 310
github.com/luxfi/evm/accounts/abi/abi.go:284.54,286.3 1 1
github.com/luxfi/evm/accounts/abi/abi.go:287.2,290.31 4 309
github.com/luxfi/evm/accounts/abi/abi.go:290.31,291.21 1 543
github.com/luxfi/evm/accounts/abi/abi.go:292.22,293.125 1 1
github.com/luxfi/evm/accounts/abi/abi.go:294.19,295.64 1 497
github.com/luxfi/evm/accounts/abi/abi.go:295.64,295.102 2 501
github.com/luxfi/evm/accounts/abi/abi.go:296.4,296.144 1 497
github.com/luxfi/evm/accounts/abi/abi.go:297.19,300.25 1 4
github.com/luxfi/evm/accounts/abi/abi.go:300.25,302.5 1 0
github.com/luxfi/evm/accounts/abi/abi.go:303.4,303.110 1 4
github.com/luxfi/evm/accounts/abi/abi.go:304.18,307.24 1 2
github.com/luxfi/evm/accounts/abi/abi.go:307.24,309.5 1 0
github.com/luxfi/evm/accounts/abi/abi.go:310.4,310.42 1 2
github.com/luxfi/evm/accounts/abi/abi.go:310.42,312.5 1 0
github.com/luxfi/evm/accounts/abi/abi.go:313.4,313.108 1 2
github.com/luxfi/evm/accounts/abi/abi.go:314.16,315.64 1 35
github.com/luxfi/evm/accounts/abi/abi.go:315.64,315.101 2 39
github.com/luxfi/evm/accounts/abi/abi.go:316.4,316.80 1 35
github.com/luxfi/evm/accounts/abi/abi.go:317.16,320.63 1 4
github.com/luxfi/evm/accounts/abi/abi.go:321.11,322.93 1 0
github.com/luxfi/evm/accounts/abi/abi.go:325.2,325.12 1 309
github.com/luxfi/evm/accounts/abi/abi.go:330.61,331.22 1 31
github.com/luxfi/evm/accounts/abi/abi.go:331.22,333.3 1 3
github.com/luxfi/evm/accounts/abi/abi.go:334.2,334.37 1 28
github.com/luxfi/evm/accounts/abi/abi.go:334.37,335.42 1 404
github.com/luxfi/evm/accounts/abi/abi.go:335.42,337.4 1 27
github.com/luxfi/evm/accounts/abi/abi.go:339.2,339.63 1 1
github.com/luxfi/evm/accounts/abi/abi.go:344.62,345.35 1 4
github.com/luxfi/evm/accounts/abi/abi.go:345.35,346.51 1 6
github.com/luxfi/evm/accounts/abi/abi.go:346.51,348.4 1 2
github.com/luxfi/evm/accounts/abi/abi.go:350.2,350.62 1 2
github.com/luxfi/evm/accounts/abi/abi.go:355.60,356.36 1 4
github.com/luxfi/evm/accounts/abi/abi.go:356.36,357.45 1 9
github.com/luxfi/evm/accounts/abi/abi.go:357.45,359.4 1 3
github.com/luxfi/evm/accounts/abi/abi.go:361.2,361.61 1 1
github.com/luxfi/evm/accounts/abi/abi.go:365.36,367.2 1 4
github.com/luxfi/evm/accounts/abi/abi.go:370.35,372.2 1 2
github.com/luxfi/evm/accounts/abi/abi.go:402.48,403.19 1 5
github.com/luxfi/evm/accounts/abi/abi.go:403.19,405.3 1 1
github.com/luxfi/evm/accounts/abi/abi.go:406.2,406.9 1 4
github.com/luxfi/evm/accounts/abi/abi.go:407.45,409.17 2 1
github.com/luxfi/evm/accounts/abi/abi.go:409.17,411.4 1 0
github.com/luxfi/evm/accounts/abi/abi.go:412.3,413.17 2 1
github.com/luxfi/evm/accounts/abi/abi.go:413.17,415.4 1 0
github.com/luxfi/evm/accounts/abi/abi.go:416.3,416.35 1 1
github.com/luxfi/evm/accounts/abi/abi.go:417.44,419.17 2 2
github.com/luxfi/evm/accounts/abi/abi.go:419.17,421.4 1 0
github.com/luxfi/evm/accounts/abi/abi.go:422.3,423.17 2 2
github.com/luxfi/evm/accounts/abi/abi.go:423.17,425.4 1 0
github.com/luxfi/evm/accounts/abi/abi.go:426.3,429.23 2 2
github.com/luxfi/evm/accounts/abi/abi.go:429.23,430.54 1 2
github.com/luxfi/evm/accounts/abi/abi.go:430.54,432.5 1 1
github.com/luxfi/evm/accounts/abi/abi.go:434.3,434.60 1 1
github.com/luxfi/evm/accounts/abi/abi.go:435.10,436.54 1 1
github.com/luxfi/evm/accounts/abi/argument.go:57.60,60.16 3 739
github.com/luxfi/evm/accounts/abi/argument.go:60.16,62.3 1 0
github.com/luxfi/evm/accounts/abi/argument.go:64.2,65.16 2 739
github.com/luxfi/evm/accounts/abi/argument.go:65.16,67.3 1 1
github.com/luxfi/evm/accounts/abi/argument.go:68.2,71.12 3 738
github.com/luxfi/evm/accounts/abi/argument.go:75.51,77.32 2 283
github.com/luxfi/evm/accounts/abi/argument.go:77.32,78.19 1 428
github.com/luxfi/evm/accounts/abi/argument.go:78.19,80.4 1 395
github.com/luxfi/evm/accounts/abi/argument.go:82.2,82.12 1 283
github.com/luxfi/evm/accounts/abi/argument.go:86.43,88.2 1 66
github.com/luxfi/evm/accounts/abi/argument.go:91.71,92.20 1 218
github.com/luxfi/evm/accounts/abi/argument.go:92.20,93.39 1 4
github.com/luxfi/evm/accounts/abi/argument.go:93.39,95.4 1 3
github.com/luxfi/evm/accounts/abi/argument.go:96.3,96.37 1 1
github.com/luxfi/evm/accounts/abi/argument.go:98.2,98.37 1 214
github.com/luxfi/evm/accounts/abi/argument.go:102.87,104.14 1 7
github.com/luxfi/evm/accounts/abi/argument.go:104.14,106.3 1 0
github.com/luxfi/evm/accounts/abi/argument.go:107.2,107.20 1 7
github.com/luxfi/evm/accounts/abi/argument.go:107.20,108.39 1 0
github.com/luxfi/evm/accounts/abi/argument.go:108.39,110.4 1 0
github.com/luxfi/evm/accounts/abi/argument.go:111.3,111.13 1 0
github.com/luxfi/evm/accounts/abi/argument.go:113.2,114.16 2 7
github.com/luxfi/evm/accounts/abi/argument.go:114.16,116.3 1 0
github.com/luxfi/evm/accounts/abi/argument.go:117.2,117.45 1 7
github.com/luxfi/evm/accounts/abi/argument.go:117.45,119.3 1 12
github.com/luxfi/evm/accounts/abi/argument.go:120.2,120.12 1 7
github.com/luxfi/evm/accounts/abi/argument.go:124.76,126.46 1 67
github.com/luxfi/evm/accounts/abi/argument.go:126.46,128.3 1 0
github.com/luxfi/evm/accounts/abi/argument.go:129.2,129.22 1 67
github.com/luxfi/evm/accounts/abi/argument.go:129.22,130.39 1 1
github.com/luxfi/evm/accounts/abi/argument.go:130.39,132.4 1 0
github.com/luxfi/evm/accounts/abi/argument.go:133.3,133.13 1 1
github.com/luxfi/evm/accounts/abi/argument.go:135.2,135.25 1 66
github.com/luxfi/evm/accounts/abi/argument.go:135.25,137.3 1 43
github.com/luxfi/evm/accounts/abi/argument.go:138.2,138.43 1 23
github.com/luxfi/evm/accounts/abi/argument.go:142.90,146.34 3 23
github.com/luxfi/evm/accounts/abi/argument.go:146.34,148.3 1 6
github.com/luxfi/evm/accounts/abi/argument.go:149.2,149.22 1 17
github.com/luxfi/evm/accounts/abi/argument.go:153.91,157.22 3 43
github.com/luxfi/evm/accounts/abi/argument.go:158.22,160.38 2 24
github.com/luxfi/evm/accounts/abi/argument.go:160.38,162.4 1 50
github.com/luxfi/evm/accounts/abi/argument.go:163.3,165.17 3 24
github.com/luxfi/evm/accounts/abi/argument.go:165.17,167.4 1 8
github.com/luxfi/evm/accounts/abi/argument.go:168.3,168.38 1 16
github.com/luxfi/evm/accounts/abi/argument.go:168.38,170.24 2 35
github.com/luxfi/evm/accounts/abi/argument.go:170.24,172.5 1 0
github.com/luxfi/evm/accounts/abi/argument.go:173.4,173.75 1 35
github.com/luxfi/evm/accounts/abi/argument.go:173.75,175.5 1 1
github.com/luxfi/evm/accounts/abi/argument.go:177.36,178.42 1 18
github.com/luxfi/evm/accounts/abi/argument.go:178.42,180.4 1 2
github.com/luxfi/evm/accounts/abi/argument.go:181.3,181.33 1 16
github.com/luxfi/evm/accounts/abi/argument.go:181.33,182.84 1 32
github.com/luxfi/evm/accounts/abi/argument.go:182.84,184.5 1 3
github.com/luxfi/evm/accounts/abi/argument.go:186.10,187.77 1 1
github.com/luxfi/evm/accounts/abi/argument.go:189.2,189.12 1 28
github.com/luxfi/evm/accounts/abi/argument.go:195.77,199.41 4 228
github.com/luxfi/evm/accounts/abi/argument.go:199.41,201.17 2 286
github.com/luxfi/evm/accounts/abi/argument.go:201.17,203.4 1 23
github.com/luxfi/evm/accounts/abi/argument.go:204.3,204.56 1 263
github.com/luxfi/evm/accounts/abi/argument.go:204.56,216.4 1 19
github.com/luxfi/evm/accounts/abi/argument.go:216.9,216.63 1 244
github.com/luxfi/evm/accounts/abi/argument.go:216.63,220.4 1 8
github.com/luxfi/evm/accounts/abi/argument.go:221.3,221.43 1 263
github.com/luxfi/evm/accounts/abi/argument.go:223.2,223.20 1 205
github.com/luxfi/evm/accounts/abi/argument.go:228.75,230.2 1 0
github.com/luxfi/evm/accounts/abi/argument.go:233.70,236.31 2 168
github.com/luxfi/evm/accounts/abi/argument.go:236.31,238.3 1 1
github.com/luxfi/evm/accounts/abi/argument.go:241.2,245.33 3 167
github.com/luxfi/evm/accounts/abi/argument.go:245.33,247.3 1 188
github.com/luxfi/evm/accounts/abi/argument.go:248.2,249.25 2 167
github.com/luxfi/evm/accounts/abi/argument.go:249.25,253.17 3 188
github.com/luxfi/evm/accounts/abi/argument.go:253.17,255.4 1 1
github.com/luxfi/evm/accounts/abi/argument.go:257.3,257.32 1 187
github.com/luxfi/evm/accounts/abi/argument.go:257.32,264.4 3 69
github.com/luxfi/evm/accounts/abi/argument.go:264.9,267.4 1 118
github.com/luxfi/evm/accounts/abi/argument.go:270.2,272.17 2 166
github.com/luxfi/evm/accounts/abi/argument.go:276.39,278.26 2 236
github.com/luxfi/evm/accounts/abi/argument.go:278.26,279.17 1 281
github.com/luxfi/evm/accounts/abi/argument.go:279.17,281.4 1 247
github.com/luxfi/evm/accounts/abi/argument.go:283.2,283.32 1 236
github.com/luxfi/evm/accounts/abi/error.go:54.52,59.31 3 4
github.com/luxfi/evm/accounts/abi/error.go:59.31,60.23 1 6
github.com/luxfi/evm/accounts/abi/error.go:60.23,66.4 1 1
github.com/luxfi/evm/accounts/abi/error.go:66.9,68.4 1 5
github.com/luxfi/evm/accounts/abi/error.go:70.3,71.20 2 6
github.com/luxfi/evm/accounts/abi/error.go:71.20,73.4 1 0
github.com/luxfi/evm/accounts/abi/error.go:75.3,75.33 1 6
github.com/luxfi/evm/accounts/abi/error.go:78.2,88.3 4 4
github.com/luxfi/evm/accounts/abi/error.go:91.32,93.2 1 6
github.com/luxfi/evm/accounts/abi/error.go:95.58,96.19 1 0
github.com/luxfi/evm/accounts/abi/error.go:96.19,98.3 1 0
github.com/luxfi/evm/accounts/abi/error.go:99.2,99.38 1 0
github.com/luxfi/evm/accounts/abi/error.go:99.38,101.3 1 0
github.com/luxfi/evm/accounts/abi/error.go:102.2,102.34 1 0
github.com/luxfi/evm/accounts/abi/error_handling.go:50.65,51.21 1 8
github.com/luxfi/evm/accounts/abi/error_handling.go:51.21,53.3 1 0
github.com/luxfi/evm/accounts/abi/error_handling.go:54.2,54.47 1 8
github.com/luxfi/evm/accounts/abi/error_handling.go:59.54,60.64 1 183
github.com/luxfi/evm/accounts/abi/error_handling.go:60.64,62.3 1 0
github.com/luxfi/evm/accounts/abi/error_handling.go:64.2,64.43 1 183
github.com/luxfi/evm/accounts/abi/error_handling.go:64.43,66.3 1 3
github.com/luxfi/evm/accounts/abi/error_handling.go:68.2,68.48 1 180
github.com/luxfi/evm/accounts/abi/error_handling.go:68.48,69.20 1 35
github.com/luxfi/evm/accounts/abi/error_handling.go:69.20,71.4 1 32
github.com/luxfi/evm/accounts/abi/error_handling.go:74.2,74.57 1 148
github.com/luxfi/evm/accounts/abi/error_handling.go:74.57,76.3 1 2
github.com/luxfi/evm/accounts/abi/error_handling.go:77.2,77.12 1 146
github.com/luxfi/evm/accounts/abi/error_handling.go:82.51,83.38 1 627
github.com/luxfi/evm/accounts/abi/error_handling.go:83.38,85.3 1 151
github.com/luxfi/evm/accounts/abi/error_handling.go:88.2,88.40 1 476
github.com/luxfi/evm/accounts/abi/error_handling.go:88.40,90.3 1 13
github.com/luxfi/evm/accounts/abi/error_handling.go:90.8,90.57 1 463
github.com/luxfi/evm/accounts/abi/error_handling.go:90.57,92.3 1 3
github.com/luxfi/evm/accounts/abi/error_handling.go:92.8,94.3 1 460
github.com/luxfi/evm/accounts/abi/error_handling.go:98.47,100.2 1 21
github.com/luxfi/evm/accounts/abi/event.go:73.77,78.31 3 35
github.com/luxfi/evm/accounts/abi/event.go:78.31,79.23 1 66
github.com/luxfi/evm/accounts/abi/event.go:79.23,85.4 1 2
github.com/luxfi/evm/accounts/abi/event.go:85.9,87.4 1 64
github.com/luxfi/evm/accounts/abi/event.go:89.3,90.20 2 66
github.com/luxfi/evm/accounts/abi/event.go:90.20,92.4 1 14
github.com/luxfi/evm/accounts/abi/event.go:94.3,94.33 1 66
github.com/luxfi/evm/accounts/abi/event.go:97.2,109.3 4 35
github.com/luxfi/evm/accounts/abi/event.go:112.32,114.2 1 3
github.com/luxfi/evm/accounts/abi/method.go:105.155,111.31 2 535
github.com/luxfi/evm/accounts/abi/method.go:111.31,114.3 2 456
github.com/luxfi/evm/accounts/abi/method.go:115.2,115.33 1 535
github.com/luxfi/evm/accounts/abi/method.go:115.33,117.27 2 212
github.com/luxfi/evm/accounts/abi/method.go:117.27,119.4 1 41
github.com/luxfi/evm/accounts/abi/method.go:123.2,127.25 2 535
github.com/luxfi/evm/accounts/abi/method.go:127.25,130.3 2 527
github.com/luxfi/evm/accounts/abi/method.go:131.2,132.17 2 535
github.com/luxfi/evm/accounts/abi/method.go:133.16,134.24 1 4
github.com/luxfi/evm/accounts/abi/method.go:135.15,136.23 1 2
github.com/luxfi/evm/accounts/abi/method.go:137.19,138.27 1 2
github.com/luxfi/evm/accounts/abi/method.go:140.2,143.52 2 535
github.com/luxfi/evm/accounts/abi/method.go:143.52,145.3 1 445
github.com/luxfi/evm/accounts/abi/method.go:145.8,147.3 1 90
github.com/luxfi/evm/accounts/abi/method.go:149.2,161.3 1 535
github.com/luxfi/evm/accounts/abi/method.go:164.38,166.2 1 63
github.com/luxfi/evm/accounts/abi/method.go:169.40,171.2 1 0
github.com/luxfi/evm/accounts/abi/method.go:175.39,177.2 1 0
github.com/luxfi/evm/accounts/abi/pack.go:42.49,45.2 2 34
github.com/luxfi/evm/accounts/abi/pack.go:49.70,50.13 1 339
github.com/luxfi/evm/accounts/abi/pack.go:51.21,52.36 1 225
github.com/luxfi/evm/accounts/abi/pack.go:53.16,54.80 1 25
github.com/luxfi/evm/accounts/abi/pack.go:55.17,56.43 1 17
github.com/luxfi/evm/accounts/abi/pack.go:56.43,58.4 1 17
github.com/luxfi/evm/accounts/abi/pack.go:60.3,60.60 1 17
github.com/luxfi/evm/accounts/abi/pack.go:61.14,62.26 1 4
github.com/luxfi/evm/accounts/abi/pack.go:62.26,64.4 1 3
github.com/luxfi/evm/accounts/abi/pack.go:65.3,65.51 1 1
github.com/luxfi/evm/accounts/abi/pack.go:66.15,67.43 1 9
github.com/luxfi/evm/accounts/abi/pack.go:67.43,69.4 1 0
github.com/luxfi/evm/accounts/abi/pack.go:70.3,70.54 1 9
github.com/luxfi/evm/accounts/abi/pack.go:70.54,72.4 1 0
github.com/luxfi/evm/accounts/abi/pack.go:73.3,73.71 1 9
github.com/luxfi/evm/accounts/abi/pack.go:74.32,75.43 1 59
github.com/luxfi/evm/accounts/abi/pack.go:75.43,77.4 1 59
github.com/luxfi/evm/accounts/abi/pack.go:78.3,78.61 1 59
github.com/luxfi/evm/accounts/abi/pack.go:79.10,80.79 1 0
github.com/luxfi/evm/accounts/abi/pack.go:85.42,86.36 1 466
github.com/luxfi/evm/accounts/abi/pack.go:87.83,88.62 1 92
github.com/luxfi/evm/accounts/abi/pack.go:89.78,90.49 1 262
github.com/luxfi/evm/accounts/abi/pack.go:91.19,92.72 1 112
github.com/luxfi/evm/accounts/abi/pack.go:93.10,94.28 1 0
github.com/luxfi/evm/accounts/abi/reflect.go:52.65,54.49 2 120
github.com/luxfi/evm/accounts/abi/reflect.go:54.49,56.3 1 118
github.com/luxfi/evm/accounts/abi/reflect.go:58.2,58.73 1 2
github.com/luxfi/evm/accounts/abi/reflect.go:58.73,59.13 1 0
github.com/luxfi/evm/accounts/abi/reflect.go:61.2,61.14 1 2
github.com/luxfi/evm/accounts/abi/reflect.go:66.46,67.77 1 490
github.com/luxfi/evm/accounts/abi/reflect.go:67.77,69.3 1 2
github.com/luxfi/evm/accounts/abi/reflect.go:70.2,70.10 1 488
github.com/luxfi/evm/accounts/abi/reflect.go:75.59,76.14 1 638
github.com/luxfi/evm/accounts/abi/reflect.go:76.14,77.15 1 459
github.com/luxfi/evm/accounts/abi/reflect.go:78.10,79.35 1 109
github.com/luxfi/evm/accounts/abi/reflect.go:80.11,81.36 1 27
github.com/luxfi/evm/accounts/abi/reflect.go:82.11,83.36 1 77
github.com/luxfi/evm/accounts/abi/reflect.go:84.11,85.36 1 28
github.com/luxfi/evm/accounts/abi/reflect.go:88.2,88.14 1 397
github.com/luxfi/evm/accounts/abi/reflect.go:89.9,90.33 1 10
github.com/luxfi/evm/accounts/abi/reflect.go:91.10,92.34 1 14
github.com/luxfi/evm/accounts/abi/reflect.go:93.10,94.34 1 15
github.com/luxfi/evm/accounts/abi/reflect.go:95.10,96.34 1 23
github.com/luxfi/evm/accounts/abi/reflect.go:98.2,98.35 1 335
github.com/luxfi/evm/accounts/abi/reflect.go:103.62,107.2 3 76
github.com/luxfi/evm/accounts/abi/reflect.go:113.40,115.9 2 236
github.com/luxfi/evm/accounts/abi/reflect.go:116.135,117.30 1 26
github.com/luxfi/evm/accounts/abi/reflect.go:118.84,119.30 1 28
github.com/luxfi/evm/accounts/abi/reflect.go:120.53,121.15 1 156
github.com/luxfi/evm/accounts/abi/reflect.go:122.90,123.28 1 3
github.com/luxfi/evm/accounts/abi/reflect.go:124.39,125.28 1 5
github.com/luxfi/evm/accounts/abi/reflect.go:126.40,127.29 1 9
github.com/luxfi/evm/accounts/abi/reflect.go:128.10,129.81 1 9
github.com/luxfi/evm/accounts/abi/reflect.go:131.2,131.12 1 156
github.com/luxfi/evm/accounts/abi/reflect.go:137.45,139.33 2 3
github.com/luxfi/evm/accounts/abi/reflect.go:139.33,140.59 1 6
github.com/luxfi/evm/accounts/abi/reflect.go:140.59,142.4 1 0
github.com/luxfi/evm/accounts/abi/reflect.go:144.2,144.18 1 3
github.com/luxfi/evm/accounts/abi/reflect.go:144.18,147.3 2 3
github.com/luxfi/evm/accounts/abi/reflect.go:148.2,148.65 1 0
github.com/luxfi/evm/accounts/abi/reflect.go:151.45,152.31 1 5
github.com/luxfi/evm/accounts/abi/reflect.go:152.31,154.3 1 1
github.com/luxfi/evm/accounts/abi/reflect.go:155.2,157.27 3 4
github.com/luxfi/evm/accounts/abi/reflect.go:157.27,159.3 1 2
github.com/luxfi/evm/accounts/abi/reflect.go:160.2,160.27 1 4
github.com/luxfi/evm/accounts/abi/reflect.go:160.27,161.59 1 64
github.com/luxfi/evm/accounts/abi/reflect.go:161.59,163.4 1 0
github.com/luxfi/evm/accounts/abi/reflect.go:165.2,165.18 1 4
github.com/luxfi/evm/accounts/abi/reflect.go:165.18,168.3 2 4
github.com/luxfi/evm/accounts/abi/reflect.go:169.2,169.65 1 0
github.com/luxfi/evm/accounts/abi/reflect.go:172.46,173.38 1 9
github.com/luxfi/evm/accounts/abi/reflect.go:173.38,176.49 3 19
github.com/luxfi/evm/accounts/abi/reflect.go:176.49,178.4 1 0
github.com/luxfi/evm/accounts/abi/reflect.go:179.3,179.49 1 19
github.com/luxfi/evm/accounts/abi/reflect.go:179.49,181.4 1 0
github.com/luxfi/evm/accounts/abi/reflect.go:183.2,183.12 1 9
github.com/luxfi/evm/accounts/abi/reflect.go:195.99,202.38 4 53
github.com/luxfi/evm/accounts/abi/reflect.go:202.38,206.66 2 107
github.com/luxfi/evm/accounts/abi/reflect.go:206.66,207.12 1 1
github.com/luxfi/evm/accounts/abi/reflect.go:210.3,211.10 2 106
github.com/luxfi/evm/accounts/abi/reflect.go:211.10,212.12 1 82
github.com/luxfi/evm/accounts/abi/reflect.go:215.3,215.20 1 24
github.com/luxfi/evm/accounts/abi/reflect.go:215.20,217.4 1 1
github.com/luxfi/evm/accounts/abi/reflect.go:219.3,220.32 2 23
github.com/luxfi/evm/accounts/abi/reflect.go:220.32,221.22 1 39
github.com/luxfi/evm/accounts/abi/reflect.go:221.22,222.30 1 22
github.com/luxfi/evm/accounts/abi/reflect.go:222.30,224.6 1 2
github.com/luxfi/evm/accounts/abi/reflect.go:226.5,228.17 3 20
github.com/luxfi/evm/accounts/abi/reflect.go:232.3,232.13 1 21
github.com/luxfi/evm/accounts/abi/reflect.go:232.13,234.4 1 2
github.com/luxfi/evm/accounts/abi/reflect.go:238.2,238.35 1 48
github.com/luxfi/evm/accounts/abi/reflect.go:238.35,241.28 2 96
github.com/luxfi/evm/accounts/abi/reflect.go:241.28,243.4 1 2
github.com/luxfi/evm/accounts/abi/reflect.go:249.3,249.32 1 94
github.com/luxfi/evm/accounts/abi/reflect.go:249.32,252.50 1 17
github.com/luxfi/evm/accounts/abi/reflect.go:252.50,254.5 1 2
github.com/luxfi/evm/accounts/abi/reflect.go:255.4,255.12 1 15
github.com/luxfi/evm/accounts/abi/reflect.go:259.3,259.40 1 77
github.com/luxfi/evm/accounts/abi/reflect.go:259.40,261.4 1 5
github.com/luxfi/evm/accounts/abi/reflect.go:263.3,263.51 1 72
github.com/luxfi/evm/accounts/abi/reflect.go:263.51,267.4 2 66
github.com/luxfi/evm/accounts/abi/reflect.go:267.9,272.4 1 6
github.com/luxfi/evm/accounts/abi/reflect.go:274.2,274.24 1 39
github.com/luxfi/evm/accounts/abi/topics.go:45.55,49.29 2 25
github.com/luxfi/evm/accounts/abi/topics.go:50.19,51.26 1 1
github.com/luxfi/evm/accounts/abi/topics.go:52.22,53.64 1 3
github.com/luxfi/evm/accounts/abi/topics.go:54.16,55.39 1 4
github.com/luxfi/evm/accounts/abi/topics.go:56.12,57.11 1 2
github.com/luxfi/evm/accounts/abi/topics.go:57.11,59.4 1 1
github.com/luxfi/evm/accounts/abi/topics.go:60.12,61.45 1 2
github.com/luxfi/evm/accounts/abi/topics.go:62.13,63.45 1 2
github.com/luxfi/evm/accounts/abi/topics.go:64.13,65.45 1 2
github.com/luxfi/evm/accounts/abi/topics.go:66.13,67.38 1 2
github.com/luxfi/evm/accounts/abi/topics.go:68.13,70.50 2 1
github.com/luxfi/evm/accounts/abi/topics.go:71.14,73.50 2 1
github.com/luxfi/evm/accounts/abi/topics.go:74.14,76.50 2 1
github.com/luxfi/evm/accounts/abi/topics.go:77.14,79.50 2 1
github.com/luxfi/evm/accounts/abi/topics.go:80.14,82.26 2 1
github.com/luxfi/evm/accounts/abi/topics.go:83.14,85.26 2 1
github.com/luxfi/evm/accounts/abi/topics.go:87.10,97.10 2 1
github.com/luxfi/evm/accounts/abi/topics.go:99.91,100.57 1 1
github.com/luxfi/evm/accounts/abi/topics.go:101.11,102.74 1 0
github.com/luxfi/evm/accounts/abi/topics.go:105.2,105.19 1 25
github.com/luxfi/evm/accounts/abi/topics.go:111.62,113.30 2 3
github.com/luxfi/evm/accounts/abi/topics.go:113.30,115.17 2 2
github.com/luxfi/evm/accounts/abi/topics.go:115.17,117.4 1 0
github.com/luxfi/evm/accounts/abi/topics.go:118.3,118.20 1 2
github.com/luxfi/evm/accounts/abi/topics.go:121.2,121.20 1 3
github.com/luxfi/evm/accounts/abi/topics.go:125.66,127.31 2 9
github.com/luxfi/evm/accounts/abi/topics.go:127.31,128.31 1 23
github.com/luxfi/evm/accounts/abi/topics.go:128.31,130.18 2 23
github.com/luxfi/evm/accounts/abi/topics.go:130.18,132.5 1 0
github.com/luxfi/evm/accounts/abi/topics.go:133.4,133.40 1 23
github.com/luxfi/evm/accounts/abi/topics.go:136.2,136.20 1 9
github.com/luxfi/evm/accounts/abi/topics.go:139.47,141.14 2 8
github.com/luxfi/evm/accounts/abi/topics.go:141.14,145.3 1 4
github.com/luxfi/evm/accounts/abi/topics.go:146.2,146.34 1 8
github.com/luxfi/evm/accounts/abi/topics.go:146.34,148.3 1 30
github.com/luxfi/evm/accounts/abi/topics.go:149.2,149.17 1 8
github.com/luxfi/evm/accounts/abi/topics.go:153.81,155.44 1 9
github.com/luxfi/evm/accounts/abi/topics.go:155.44,158.4 2 5
github.com/luxfi/evm/accounts/abi/topics.go:162.99,164.44 1 9
github.com/luxfi/evm/accounts/abi/topics.go:164.44,166.4 1 5
github.com/luxfi/evm/accounts/abi/topics.go:174.109,176.32 1 18
github.com/luxfi/evm/accounts/abi/topics.go:176.32,178.3 1 2
github.com/luxfi/evm/accounts/abi/topics.go:180.2,180.29 1 16
github.com/luxfi/evm/accounts/abi/topics.go:180.29,181.19 1 16
github.com/luxfi/evm/accounts/abi/topics.go:181.19,183.4 1 2
github.com/luxfi/evm/accounts/abi/topics.go:184.3,185.21 2 14
github.com/luxfi/evm/accounts/abi/topics.go:186.16,187.59 1 2
github.com/luxfi/evm/accounts/abi/topics.go:188.44,191.24 1 2
github.com/luxfi/evm/accounts/abi/topics.go:192.19,193.72 1 4
github.com/luxfi/evm/accounts/abi/topics.go:193.72,195.5 1 2
github.com/luxfi/evm/accounts/abi/topics.go:196.4,198.18 3 2
github.com/luxfi/evm/accounts/abi/topics.go:199.11,202.18 3 6
github.com/luxfi/evm/accounts/abi/topics.go:202.18,204.5 1 0
github.com/luxfi/evm/accounts/abi/topics.go:207.3,207.24 1 10
github.com/luxfi/evm/accounts/abi/topics.go:210.2,210.12 1 10
github.com/luxfi/evm/accounts/abi/type.go:81.100,83.52 1 1579
github.com/luxfi/evm/accounts/abi/type.go:83.52,85.3 1 1
github.com/luxfi/evm/accounts/abi/type.go:86.2,90.32 2 1578
github.com/luxfi/evm/accounts/abi/type.go:90.32,93.57 2 436
github.com/luxfi/evm/accounts/abi/type.go:93.57,95.4 1 1
github.com/luxfi/evm/accounts/abi/type.go:97.3,99.17 3 436
github.com/luxfi/evm/accounts/abi/type.go:99.17,101.4 1 1
github.com/luxfi/evm/accounts/abi/type.go:103.3,108.21 4 435
github.com/luxfi/evm/accounts/abi/type.go:108.21,113.4 3 228
github.com/luxfi/evm/accounts/abi/type.go:113.9,113.28 1 207
github.com/luxfi/evm/accounts/abi/type.go:113.28,118.18 4 207
github.com/luxfi/evm/accounts/abi/type.go:118.18,120.5 1 0
github.com/luxfi/evm/accounts/abi/type.go:121.4,121.53 1 207
github.com/luxfi/evm/accounts/abi/type.go:122.9,124.4 1 0
github.com/luxfi/evm/accounts/abi/type.go:125.3,125.18 1 435
github.com/luxfi/evm/accounts/abi/type.go:128.2,129.23 2 1142
github.com/luxfi/evm/accounts/abi/type.go:129.23,131.3 1 1
github.com/luxfi/evm/accounts/abi/type.go:132.2,136.28 3 1141
github.com/luxfi/evm/accounts/abi/type.go:136.28,139.17 3 774
github.com/luxfi/evm/accounts/abi/type.go:139.17,141.4 1 0
github.com/luxfi/evm/accounts/abi/type.go:142.8,143.56 1 367
github.com/luxfi/evm/accounts/abi/type.go:143.56,147.4 1 2
github.com/luxfi/evm/accounts/abi/type.go:150.2,150.43 1 1139
github.com/luxfi/evm/accounts/abi/type.go:151.13,153.16 2 175
github.com/luxfi/evm/accounts/abi/type.go:154.14,156.17 2 451
github.com/luxfi/evm/accounts/abi/type.go:157.14,158.17 1 45
github.com/luxfi/evm/accounts/abi/type.go:159.17,161.20 2 128
github.com/luxfi/evm/accounts/abi/type.go:162.16,163.19 1 68
github.com/luxfi/evm/accounts/abi/type.go:164.15,165.19 1 200
github.com/luxfi/evm/accounts/abi/type.go:165.19,167.4 1 52
github.com/luxfi/evm/accounts/abi/type.go:167.9,168.20 1 148
github.com/luxfi/evm/accounts/abi/type.go:168.20,170.5 1 1
github.com/luxfi/evm/accounts/abi/type.go:171.4,172.22 2 147
github.com/luxfi/evm/accounts/abi/type.go:174.15,183.34 3 65
github.com/luxfi/evm/accounts/abi/type.go:183.34,185.18 2 135
github.com/luxfi/evm/accounts/abi/type.go:185.18,187.5 1 0
github.com/luxfi/evm/accounts/abi/type.go:188.4,189.18 2 135
github.com/luxfi/evm/accounts/abi/type.go:189.18,191.5 1 0
github.com/luxfi/evm/accounts/abi/type.go:192.4,192.63 1 135
github.com/luxfi/evm/accounts/abi/type.go:192.63,192.81 1 156
github.com/luxfi/evm/accounts/abi/type.go:194.4,195.36 2 135
github.com/luxfi/evm/accounts/abi/type.go:195.36,197.5 1 0
github.com/luxfi/evm/accounts/abi/type.go:198.4,206.32 5 135
github.com/luxfi/evm/accounts/abi/type.go:206.32,208.5 1 72
github.com/luxfi/evm/accounts/abi/type.go:210.3,222.74 8 65
github.com/luxfi/evm/accounts/abi/type.go:222.74,226.4 1 10
github.com/luxfi/evm/accounts/abi/type.go:228.18,230.16 2 5
github.com/luxfi/evm/accounts/abi/type.go:231.10,232.59 1 2
github.com/luxfi/evm/accounts/abi/type.go:235.2,235.8 1 1136
github.com/luxfi/evm/accounts/abi/type.go:239.38,240.13 1 1201
github.com/luxfi/evm/accounts/abi/type.go:241.13,242.39 1 179
github.com/luxfi/evm/accounts/abi/type.go:243.14,244.38 1 459
github.com/luxfi/evm/accounts/abi/type.go:245.14,246.31 1 6
github.com/luxfi/evm/accounts/abi/type.go:247.16,248.28 1 47
github.com/luxfi/evm/accounts/abi/type.go:249.15,250.43 1 95
github.com/luxfi/evm/accounts/abi/type.go:251.15,252.51 1 97
github.com/luxfi/evm/accounts/abi/type.go:253.15,254.21 1 52
github.com/luxfi/evm/accounts/abi/type.go:255.17,256.42 1 38
github.com/luxfi/evm/accounts/abi/type.go:257.20,258.58 1 208
github.com/luxfi/evm/accounts/abi/type.go:259.15,260.50 1 18
github.com/luxfi/evm/accounts/abi/type.go:261.14,263.54 1 0
github.com/luxfi/evm/accounts/abi/type.go:264.20,266.54 1 0
github.com/luxfi/evm/accounts/abi/type.go:267.18,268.54 1 2
github.com/luxfi/evm/accounts/abi/type.go:269.10,270.24 1 0
github.com/luxfi/evm/accounts/abi/type.go:275.37,277.2 1 1282
github.com/luxfi/evm/accounts/abi/type.go:279.53,282.40 2 487
github.com/luxfi/evm/accounts/abi/type.go:282.40,284.3 1 1
github.com/luxfi/evm/accounts/abi/type.go:286.2,286.13 1 486
github.com/luxfi/evm/accounts/abi/type.go:287.24,290.31 2 132
github.com/luxfi/evm/accounts/abi/type.go:290.31,293.4 1 69
github.com/luxfi/evm/accounts/abi/type.go:296.3,298.16 3 132
github.com/luxfi/evm/accounts/abi/type.go:298.16,300.4 1 18
github.com/luxfi/evm/accounts/abi/type.go:301.3,302.32 2 132
github.com/luxfi/evm/accounts/abi/type.go:302.32,304.18 2 267
github.com/luxfi/evm/accounts/abi/type.go:304.18,306.5 1 0
github.com/luxfi/evm/accounts/abi/type.go:307.4,307.18 1 267
github.com/luxfi/evm/accounts/abi/type.go:307.18,309.13 2 231
github.com/luxfi/evm/accounts/abi/type.go:311.4,313.31 3 36
github.com/luxfi/evm/accounts/abi/type.go:315.3,315.35 1 132
github.com/luxfi/evm/accounts/abi/type.go:316.15,327.17 2 15
github.com/luxfi/evm/accounts/abi/type.go:327.17,329.4 1 0
github.com/luxfi/evm/accounts/abi/type.go:331.3,332.37 2 15
github.com/luxfi/evm/accounts/abi/type.go:332.37,334.4 1 32
github.com/luxfi/evm/accounts/abi/type.go:335.3,336.37 2 15
github.com/luxfi/evm/accounts/abi/type.go:336.37,338.24 2 32
github.com/luxfi/evm/accounts/abi/type.go:338.24,340.5 1 0
github.com/luxfi/evm/accounts/abi/type.go:341.4,342.18 2 32
github.com/luxfi/evm/accounts/abi/type.go:342.18,344.5 1 0
github.com/luxfi/evm/accounts/abi/type.go:345.4,345.28 1 32
github.com/luxfi/evm/accounts/abi/type.go:345.28,349.5 3 12
github.com/luxfi/evm/accounts/abi/type.go:349.10,351.5 1 20
github.com/luxfi/evm/accounts/abi/type.go:353.3,353.35 1 15
github.com/luxfi/evm/accounts/abi/type.go:355.10,356.27 1 339
github.com/luxfi/evm/accounts/abi/type.go:362.43,364.2 1 750
github.com/luxfi/evm/accounts/abi/type.go:373.33,374.20 1 908
github.com/luxfi/evm/accounts/abi/type.go:374.20,375.37 1 92
github.com/luxfi/evm/accounts/abi/type.go:375.37,376.28 1 162
github.com/luxfi/evm/accounts/abi/type.go:376.28,378.5 1 32
github.com/luxfi/evm/accounts/abi/type.go:380.3,380.15 1 60
github.com/luxfi/evm/accounts/abi/type.go:382.2,382.106 1 816
github.com/luxfi/evm/accounts/abi/type.go:393.30,394.47 1 478
github.com/luxfi/evm/accounts/abi/type.go:394.47,396.49 1 91
github.com/luxfi/evm/accounts/abi/type.go:396.49,398.4 1 22
github.com/luxfi/evm/accounts/abi/type.go:399.3,399.21 1 69
github.com/luxfi/evm/accounts/abi/type.go:400.8,400.48 1 387
github.com/luxfi/evm/accounts/abi/type.go:400.48,402.37 2 25
github.com/luxfi/evm/accounts/abi/type.go:402.37,404.4 1 46
github.com/luxfi/evm/accounts/abi/type.go:405.3,405.15 1 25
github.com/luxfi/evm/accounts/abi/type.go:407.2,407.11 1 362
github.com/luxfi/evm/accounts/abi/type.go:412.29,414.2 1 362
github.com/luxfi/evm/accounts/abi/type.go:423.46,424.30 1 135
github.com/luxfi/evm/accounts/abi/type.go:424.30,425.29 1 227
github.com/luxfi/evm/accounts/abi/type.go:425.29,427.4 1 0
github.com/luxfi/evm/accounts/abi/type.go:429.3,429.42 1 227
github.com/luxfi/evm/accounts/abi/type.go:429.42,431.4 1 0
github.com/luxfi/evm/accounts/abi/type.go:434.2,434.27 1 135
github.com/luxfi/evm/accounts/abi/unpack.go:49.59,52.21 2 294
github.com/luxfi/evm/accounts/abi/unpack.go:52.21,54.19 2 196
github.com/luxfi/evm/accounts/abi/unpack.go:55.10,56.37 1 34
github.com/luxfi/evm/accounts/abi/unpack.go:56.37,58.5 1 1
github.com/luxfi/evm/accounts/abi/unpack.go:59.4,59.25 1 33
github.com/luxfi/evm/accounts/abi/unpack.go:60.11,61.38 1 9
github.com/luxfi/evm/accounts/abi/unpack.go:61.38,63.5 1 1
github.com/luxfi/evm/accounts/abi/unpack.go:64.4,64.27 1 8
github.com/luxfi/evm/accounts/abi/unpack.go:65.11,66.38 1 34
github.com/luxfi/evm/accounts/abi/unpack.go:66.38,68.5 1 1
github.com/luxfi/evm/accounts/abi/unpack.go:69.4,69.27 1 33
github.com/luxfi/evm/accounts/abi/unpack.go:70.11,71.14 1 38
github.com/luxfi/evm/accounts/abi/unpack.go:71.14,73.5 1 1
github.com/luxfi/evm/accounts/abi/unpack.go:74.4,74.19 1 37
github.com/luxfi/evm/accounts/abi/unpack.go:75.11,77.19 1 81
github.com/luxfi/evm/accounts/abi/unpack.go:84.2,84.23 1 98
github.com/luxfi/evm/accounts/abi/unpack.go:84.23,88.3 3 18
github.com/luxfi/evm/accounts/abi/unpack.go:89.2,90.18 2 98
github.com/luxfi/evm/accounts/abi/unpack.go:91.9,92.57 1 10
github.com/luxfi/evm/accounts/abi/unpack.go:92.57,94.4 1 2
github.com/luxfi/evm/accounts/abi/unpack.go:95.3,95.24 1 8
github.com/luxfi/evm/accounts/abi/unpack.go:96.10,97.59 1 10
github.com/luxfi/evm/accounts/abi/unpack.go:97.59,99.4 1 2
github.com/luxfi/evm/accounts/abi/unpack.go:100.3,100.25 1 8
github.com/luxfi/evm/accounts/abi/unpack.go:101.10,102.59 1 12
github.com/luxfi/evm/accounts/abi/unpack.go:102.59,104.4 1 2
github.com/luxfi/evm/accounts/abi/unpack.go:105.3,105.25 1 10
github.com/luxfi/evm/accounts/abi/unpack.go:106.10,107.13 1 12
github.com/luxfi/evm/accounts/abi/unpack.go:107.13,109.4 1 2
github.com/luxfi/evm/accounts/abi/unpack.go:110.3,110.18 1 10
github.com/luxfi/evm/accounts/abi/unpack.go:111.10,114.18 1 54
github.com/luxfi/evm/accounts/abi/unpack.go:119.42,120.30 1 8
github.com/luxfi/evm/accounts/abi/unpack.go:120.30,121.13 1 243
github.com/luxfi/evm/accounts/abi/unpack.go:121.13,123.4 1 1
github.com/luxfi/evm/accounts/abi/unpack.go:125.2,125.18 1 7
github.com/luxfi/evm/accounts/abi/unpack.go:126.9,127.20 1 2
github.com/luxfi/evm/accounts/abi/unpack.go:128.9,129.19 1 4
github.com/luxfi/evm/accounts/abi/unpack.go:130.10,131.27 1 1
github.com/luxfi/evm/accounts/abi/unpack.go:138.73,139.23 1 1
github.com/luxfi/evm/accounts/abi/unpack.go:139.23,141.3 1 0
github.com/luxfi/evm/accounts/abi/unpack.go:142.2,142.67 1 1
github.com/luxfi/evm/accounts/abi/unpack.go:142.67,144.3 1 0
github.com/luxfi/evm/accounts/abi/unpack.go:144.8,146.3 1 1
github.com/luxfi/evm/accounts/abi/unpack.go:147.2,147.8 1 1
github.com/luxfi/evm/accounts/abi/unpack.go:151.63,152.25 1 74
github.com/luxfi/evm/accounts/abi/unpack.go:152.25,154.3 1 0
github.com/luxfi/evm/accounts/abi/unpack.go:156.2,159.31 3 74
github.com/luxfi/evm/accounts/abi/unpack.go:163.81,164.14 1 136
github.com/luxfi/evm/accounts/abi/unpack.go:164.14,166.3 1 0
github.com/luxfi/evm/accounts/abi/unpack.go:167.2,167.33 1 136
github.com/luxfi/evm/accounts/abi/unpack.go:167.33,169.3 1 1
github.com/luxfi/evm/accounts/abi/unpack.go:172.2,174.13 2 135
github.com/luxfi/evm/accounts/abi/unpack.go:175.15,177.56 1 67
github.com/luxfi/evm/accounts/abi/unpack.go:178.15,180.45 1 68
github.com/luxfi/evm/accounts/abi/unpack.go:181.10,182.77 1 0
github.com/luxfi/evm/accounts/abi/unpack.go:187.2,189.57 2 135
github.com/luxfi/evm/accounts/abi/unpack.go:189.57,191.17 2 283
github.com/luxfi/evm/accounts/abi/unpack.go:191.17,193.4 1 0
github.com/luxfi/evm/accounts/abi/unpack.go:196.3,196.48 1 283
github.com/luxfi/evm/accounts/abi/unpack.go:200.2,200.34 1 135
github.com/luxfi/evm/accounts/abi/unpack.go:203.65,206.40 3 20
github.com/luxfi/evm/accounts/abi/unpack.go:206.40,208.17 2 43
github.com/luxfi/evm/accounts/abi/unpack.go:208.17,210.4 1 0
github.com/luxfi/evm/accounts/abi/unpack.go:211.3,211.49 1 43
github.com/luxfi/evm/accounts/abi/unpack.go:211.49,223.4 1 1
github.com/luxfi/evm/accounts/abi/unpack.go:223.9,223.56 1 42
github.com/luxfi/evm/accounts/abi/unpack.go:223.56,227.4 1 0
github.com/luxfi/evm/accounts/abi/unpack.go:228.3,228.60 1 43
github.com/luxfi/evm/accounts/abi/unpack.go:230.2,230.32 1 20
github.com/luxfi/evm/accounts/abi/unpack.go:235.70,236.28 1 618
github.com/luxfi/evm/accounts/abi/unpack.go:236.28,238.3 1 0
github.com/luxfi/evm/accounts/abi/unpack.go:240.2,247.30 2 618
github.com/luxfi/evm/accounts/abi/unpack.go:247.30,249.17 2 126
github.com/luxfi/evm/accounts/abi/unpack.go:249.17,251.4 1 8
github.com/luxfi/evm/accounts/abi/unpack.go:252.8,254.3 1 492
github.com/luxfi/evm/accounts/abi/unpack.go:256.2,256.13 1 610
github.com/luxfi/evm/accounts/abi/unpack.go:257.15,258.23 1 20
github.com/luxfi/evm/accounts/abi/unpack.go:258.23,260.18 2 8
github.com/luxfi/evm/accounts/abi/unpack.go:260.18,262.5 1 0
github.com/luxfi/evm/accounts/abi/unpack.go:263.4,263.44 1 8
github.com/luxfi/evm/accounts/abi/unpack.go:265.3,265.43 1 12
github.com/luxfi/evm/accounts/abi/unpack.go:266.15,267.53 1 68
github.com/luxfi/evm/accounts/abi/unpack.go:268.15,269.29 1 68
github.com/luxfi/evm/accounts/abi/unpack.go:269.29,271.36 2 7
github.com/luxfi/evm/accounts/abi/unpack.go:271.36,273.5 1 0
github.com/luxfi/evm/accounts/abi/unpack.go:274.4,274.55 1 7
github.com/luxfi/evm/accounts/abi/unpack.go:276.3,276.53 1 61
github.com/luxfi/evm/accounts/abi/unpack.go:277.16,278.51 1 29
github.com/luxfi/evm/accounts/abi/unpack.go:279.21,280.38 1 294
github.com/luxfi/evm/accounts/abi/unpack.go:281.14,282.32 1 8
github.com/luxfi/evm/accounts/abi/unpack.go:283.17,284.50 1 27
github.com/luxfi/evm/accounts/abi/unpack.go:285.14,286.47 1 0
github.com/luxfi/evm/accounts/abi/unpack.go:287.15,288.43 1 21
github.com/luxfi/evm/accounts/abi/unpack.go:289.20,290.41 1 74
github.com/luxfi/evm/accounts/abi/unpack.go:291.18,292.43 1 1
github.com/luxfi/evm/accounts/abi/unpack.go:293.10,294.54 1 0
github.com/luxfi/evm/accounts/abi/unpack.go:299.88,304.40 4 126
github.com/luxfi/evm/accounts/abi/unpack.go:304.40,306.3 1 5
github.com/luxfi/evm/accounts/abi/unpack.go:308.2,308.32 1 121
github.com/luxfi/evm/accounts/abi/unpack.go:308.32,310.3 1 0
github.com/luxfi/evm/accounts/abi/unpack.go:312.2,316.29 4 121
github.com/luxfi/evm/accounts/abi/unpack.go:316.29,318.3 1 2
github.com/luxfi/evm/accounts/abi/unpack.go:320.2,320.37 1 119
github.com/luxfi/evm/accounts/abi/unpack.go:320.37,322.3 1 1
github.com/luxfi/evm/accounts/abi/unpack.go:323.2,325.8 3 118
github.com/luxfi/evm/accounts/abi/unpack.go:329.69,333.31 3 8
github.com/luxfi/evm/accounts/abi/unpack.go:333.31,335.3 1 0
github.com/luxfi/evm/accounts/abi/unpack.go:336.2,336.26 1 8
github.com/luxfi/evm/accounts/abi/unpack.go:336.26,338.3 1 0
github.com/luxfi/evm/accounts/abi/unpack.go:339.2,339.34 1 8
github.com/luxfi/evm/accounts/abi/utils.go:43.73,46.26 3 667
github.com/luxfi/evm/accounts/abi/utils.go:46.26,49.3 2 29
github.com/luxfi/evm/accounts/abi/utils.go:50.2,50.13 1 667
github.com/luxfi/evm/cmd/abigen/main.go:89.13,103.2 3 1
github.com/luxfi/evm/cmd/abigen/main.go:105.35,108.34 2 0
github.com/luxfi/evm/cmd/abigen/main.go:108.34,110.3 1 0
github.com/luxfi/evm/cmd/abigen/main.go:111.2,112.33 2 0
github.com/luxfi/evm/cmd/abigen/main.go:113.12,114.21 1 0
github.com/luxfi/evm/cmd/abigen/main.go:115.10,116.92 1 0
github.com/luxfi/evm/cmd/abigen/main.go:119.2,127.34 2 0
github.com/luxfi/evm/cmd/abigen/main.go:127.34,134.19 3 0
github.com/luxfi/evm/cmd/abigen/main.go:134.19,136.4 1 0
github.com/luxfi/evm/cmd/abigen/main.go:136.9,138.4 1 0
github.com/luxfi/evm/cmd/abigen/main.go:139.3,139.17 1 0
github.com/luxfi/evm/cmd/abigen/main.go:139.17,141.4 1 0
github.com/luxfi/evm/cmd/abigen/main.go:142.3,145.55 3 0
github.com/luxfi/evm/cmd/abigen/main.go:145.55,146.51 1 0
github.com/luxfi/evm/cmd/abigen/main.go:146.51,148.5 1 0
github.com/luxfi/evm/cmd/abigen/main.go:149.4,149.43 1 0
github.com/luxfi/evm/cmd/abigen/main.go:149.43,151.5 1 0
github.com/luxfi/evm/cmd/abigen/main.go:153.3,156.17 3 0
github.com/luxfi/evm/cmd/abigen/main.go:156.17,158.4 1 0
github.com/luxfi/evm/cmd/abigen/main.go:159.3,159.30 1 0
github.com/luxfi/evm/cmd/abigen/main.go:160.8,163.28 2 0
github.com/luxfi/evm/cmd/abigen/main.go:163.28,165.95 2 0
github.com/luxfi/evm/cmd/abigen/main.go:165.95,167.5 1 0
github.com/luxfi/evm/cmd/abigen/main.go:169.3,171.29 2 0
github.com/luxfi/evm/cmd/abigen/main.go:171.29,177.20 2 0
github.com/luxfi/evm/cmd/abigen/main.go:177.20,179.5 1 0
github.com/luxfi/evm/cmd/abigen/main.go:179.10,181.5 1 0
github.com/luxfi/evm/cmd/abigen/main.go:182.4,182.18 1 0
github.com/luxfi/evm/cmd/abigen/main.go:182.18,184.5 1 0
github.com/luxfi/evm/cmd/abigen/main.go:185.4,186.18 2 0
github.com/luxfi/evm/cmd/abigen/main.go:186.18,188.5 1 0
github.com/luxfi/evm/cmd/abigen/main.go:191.3,191.41 1 0
github.com/luxfi/evm/cmd/abigen/main.go:191.41,195.47 3 0
github.com/luxfi/evm/cmd/abigen/main.go:195.47,197.13 2 0
github.com/luxfi/evm/cmd/abigen/main.go:199.4,200.18 2 0
github.com/luxfi/evm/cmd/abigen/main.go:200.18,202.5 1 0
github.com/luxfi/evm/cmd/abigen/main.go:203.4,213.31 6 0
github.com/luxfi/evm/cmd/abigen/main.go:217.2,217.29 1 0
github.com/luxfi/evm/cmd/abigen/main.go:217.29,224.36 3 0
github.com/luxfi/evm/cmd/abigen/main.go:224.36,226.4 1 0
github.com/luxfi/evm/cmd/abigen/main.go:229.2,230.16 2 0
github.com/luxfi/evm/cmd/abigen/main.go:230.16,232.3 1 0
github.com/luxfi/evm/cmd/abigen/main.go:234.2,234.28 1 0
github.com/luxfi/evm/cmd/abigen/main.go:234.28,237.3 2 0
github.com/luxfi/evm/cmd/abigen/main.go:238.2,238.81 1 0
github.com/luxfi/evm/cmd/abigen/main.go:238.81,240.3 1 0
github.com/luxfi/evm/cmd/abigen/main.go:241.2,241.12 1 0
github.com/luxfi/evm/cmd/abigen/main.go:244.13,247.41 1 0
github.com/luxfi/evm/cmd/abigen/main.go:247.41,250.3 2 0
github.com/luxfi/evm/cmd/abigen/namefilter.go:26.61,32.35 2 3
github.com/luxfi/evm/cmd/abigen/namefilter.go:32.35,33.40 1 5
github.com/luxfi/evm/cmd/abigen/namefilter.go:33.40,35.4 1 2
github.com/luxfi/evm/cmd/abigen/namefilter.go:37.2,37.15 1 1
github.com/luxfi/evm/cmd/abigen/namefilter.go:40.48,42.18 2 5
github.com/luxfi/evm/cmd/abigen/namefilter.go:42.18,45.3 1 2
github.com/luxfi/evm/cmd/abigen/namefilter.go:47.2,48.17 2 3
github.com/luxfi/evm/cmd/abigen/namefilter.go:48.17,51.3 2 1
github.com/luxfi/evm/cmd/abigen/namefilter.go:51.8,51.23 1 2
github.com/luxfi/evm/cmd/abigen/namefilter.go:51.23,54.3 2 1
github.com/luxfi/evm/cmd/abigen/namefilter.go:55.2,56.12 2 1
github.com/luxfi/evm/cmd/abigen/namefilter.go:59.48,61.18 2 7
github.com/luxfi/evm/cmd/abigen/namefilter.go:61.18,65.3 1 1
github.com/luxfi/evm/cmd/abigen/namefilter.go:67.2,69.55 2 6
github.com/luxfi/evm/accounts/abi/bind/auth.go:56.79,59.16 3 0
github.com/luxfi/evm/accounts/abi/bind/auth.go:59.16,61.3 1 0
github.com/luxfi/evm/accounts/abi/bind/auth.go:62.2,63.16 2 0
github.com/luxfi/evm/accounts/abi/bind/auth.go:63.16,65.3 1 0
github.com/luxfi/evm/accounts/abi/bind/auth.go:66.2,66.48 1 0
github.com/luxfi/evm/accounts/abi/bind/auth.go:73.106,78.91 3 0
github.com/luxfi/evm/accounts/abi/bind/auth.go:78.91,79.34 1 0
github.com/luxfi/evm/accounts/abi/bind/auth.go:79.34,81.5 1 0
github.com/luxfi/evm/accounts/abi/bind/auth.go:82.4,83.18 2 0
github.com/luxfi/evm/accounts/abi/bind/auth.go:83.18,85.5 1 0
github.com/luxfi/evm/accounts/abi/bind/auth.go:86.4,86.46 1 0
github.com/luxfi/evm/accounts/abi/bind/auth.go:96.62,103.91 5 0
github.com/luxfi/evm/accounts/abi/bind/auth.go:103.91,104.32 1 0
github.com/luxfi/evm/accounts/abi/bind/auth.go:104.32,106.5 1 0
github.com/luxfi/evm/accounts/abi/bind/auth.go:107.4,108.18 2 0
github.com/luxfi/evm/accounts/abi/bind/auth.go:108.18,110.5 1 0
github.com/luxfi/evm/accounts/abi/bind/auth.go:111.4,111.46 1 0
github.com/luxfi/evm/accounts/abi/bind/auth.go:119.108,121.16 2 0
github.com/luxfi/evm/accounts/abi/bind/auth.go:121.16,123.3 1 0
github.com/luxfi/evm/accounts/abi/bind/auth.go:124.2,125.16 2 0
github.com/luxfi/evm/accounts/abi/bind/auth.go:125.16,127.3 1 0
github.com/luxfi/evm/accounts/abi/bind/auth.go:128.2,128.63 1 0
github.com/luxfi/evm/accounts/abi/bind/auth.go:133.135,134.20 1 0
github.com/luxfi/evm/accounts/abi/bind/auth.go:134.20,136.3 1 0
github.com/luxfi/evm/accounts/abi/bind/auth.go:137.2,140.91 2 0
github.com/luxfi/evm/accounts/abi/bind/auth.go:140.91,141.34 1 0
github.com/luxfi/evm/accounts/abi/bind/auth.go:141.34,143.5 1 0
github.com/luxfi/evm/accounts/abi/bind/auth.go:144.4,145.18 2 0
github.com/luxfi/evm/accounts/abi/bind/auth.go:145.18,147.5 1 0
github.com/luxfi/evm/accounts/abi/bind/auth.go:148.4,148.46 1 0
github.com/luxfi/evm/accounts/abi/bind/auth.go:156.100,159.20 3 0
github.com/luxfi/evm/accounts/abi/bind/auth.go:159.20,161.3 1 0
github.com/luxfi/evm/accounts/abi/bind/auth.go:162.2,165.91 2 0
github.com/luxfi/evm/accounts/abi/bind/auth.go:165.91,166.32 1 0
github.com/luxfi/evm/accounts/abi/bind/auth.go:166.32,168.5 1 0
github.com/luxfi/evm/accounts/abi/bind/auth.go:169.4,170.18 2 0
github.com/luxfi/evm/accounts/abi/bind/auth.go:170.18,172.5 1 0
github.com/luxfi/evm/accounts/abi/bind/auth.go:173.4,173.46 1 0
github.com/luxfi/evm/accounts/abi/bind/auth.go:181.95,184.100 1 0
github.com/luxfi/evm/accounts/abi/bind/auth.go:184.100,185.34 1 0
github.com/luxfi/evm/accounts/abi/bind/auth.go:185.34,187.5 1 0
github.com/luxfi/evm/accounts/abi/bind/auth.go:188.4,188.49 1 0
github.com/luxfi/evm/accounts/abi/bind/base.go:110.47,113.17 3 0
github.com/luxfi/evm/accounts/abi/bind/base.go:113.17,115.3 1 0
github.com/luxfi/evm/accounts/abi/bind/base.go:116.2,116.67 1 0
github.com/luxfi/evm/accounts/abi/bind/base.go:116.67,118.3 1 0
github.com/luxfi/evm/accounts/abi/bind/base.go:118.8,120.3 1 0
github.com/luxfi/evm/accounts/abi/bind/base.go:121.2,121.18 1 0
github.com/luxfi/evm/accounts/abi/bind/base.go:137.156,145.2 1 26
github.com/luxfi/evm/accounts/abi/bind/base.go:149.179,154.16 3 0
github.com/luxfi/evm/accounts/abi/bind/base.go:154.16,156.3 1 0
github.com/luxfi/evm/accounts/abi/bind/base.go:157.2,158.16 2 0
github.com/luxfi/evm/accounts/abi/bind/base.go:158.16,160.3 1 0
github.com/luxfi/evm/accounts/abi/bind/base.go:161.2,163.30 3 0
github.com/luxfi/evm/accounts/abi/bind/base.go:170.114,172.17 1 20
github.com/luxfi/evm/accounts/abi/bind/base.go:172.17,174.3 1 7
github.com/luxfi/evm/accounts/abi/bind/base.go:175.2,175.20 1 20
github.com/luxfi/evm/accounts/abi/bind/base.go:175.20,177.3 1 19
github.com/luxfi/evm/accounts/abi/bind/base.go:179.2,180.16 2 20
github.com/luxfi/evm/accounts/abi/bind/base.go:180.16,182.3 1 1
github.com/luxfi/evm/accounts/abi/bind/base.go:183.2,189.19 2 19
github.com/luxfi/evm/accounts/abi/bind/base.go:189.19,191.10 2 6
github.com/luxfi/evm/accounts/abi/bind/base.go:191.10,193.4 1 1
github.com/luxfi/evm/accounts/abi/bind/base.go:194.3,195.17 2 5
github.com/luxfi/evm/accounts/abi/bind/base.go:195.17,197.4 1 1
github.com/luxfi/evm/accounts/abi/bind/base.go:198.3,198.23 1 4
github.com/luxfi/evm/accounts/abi/bind/base.go:198.23,200.65 1 4
github.com/luxfi/evm/accounts/abi/bind/base.go:200.65,202.5 1 1
github.com/luxfi/evm/accounts/abi/bind/base.go:202.10,202.29 1 3
github.com/luxfi/evm/accounts/abi/bind/base.go:202.29,204.5 1 2
github.com/luxfi/evm/accounts/abi/bind/base.go:206.8,206.46 1 13
github.com/luxfi/evm/accounts/abi/bind/base.go:206.46,208.10 2 5
github.com/luxfi/evm/accounts/abi/bind/base.go:208.10,210.4 1 1
github.com/luxfi/evm/accounts/abi/bind/base.go:211.3,212.17 2 4
github.com/luxfi/evm/accounts/abi/bind/base.go:212.17,214.4 1 1
github.com/luxfi/evm/accounts/abi/bind/base.go:215.3,215.23 1 3
github.com/luxfi/evm/accounts/abi/bind/base.go:215.23,217.77 1 3
github.com/luxfi/evm/accounts/abi/bind/base.go:217.77,219.5 1 1
github.com/luxfi/evm/accounts/abi/bind/base.go:219.10,219.29 1 2
github.com/luxfi/evm/accounts/abi/bind/base.go:219.29,221.5 1 1
github.com/luxfi/evm/accounts/abi/bind/base.go:223.8,225.17 2 8
github.com/luxfi/evm/accounts/abi/bind/base.go:225.17,227.4 1 1
github.com/luxfi/evm/accounts/abi/bind/base.go:228.3,228.23 1 7
github.com/luxfi/evm/accounts/abi/bind/base.go:228.23,230.81 1 7
github.com/luxfi/evm/accounts/abi/bind/base.go:230.81,232.5 1 1
github.com/luxfi/evm/accounts/abi/bind/base.go:232.10,232.29 1 6
github.com/luxfi/evm/accounts/abi/bind/base.go:232.29,234.5 1 1
github.com/luxfi/evm/accounts/abi/bind/base.go:238.2,238.24 1 7
github.com/luxfi/evm/accounts/abi/bind/base.go:238.24,242.3 3 6
github.com/luxfi/evm/accounts/abi/bind/base.go:243.2,244.58 2 1
github.com/luxfi/evm/accounts/abi/bind/base.go:248.120,251.16 2 4
github.com/luxfi/evm/accounts/abi/bind/base.go:251.16,253.3 1 0
github.com/luxfi/evm/accounts/abi/bind/base.go:256.2,256.44 1 4
github.com/luxfi/evm/accounts/abi/bind/base.go:261.102,265.2 1 0
github.com/luxfi/evm/accounts/abi/bind/base.go:269.82,273.2 1 0
github.com/luxfi/evm/accounts/abi/bind/base.go:275.149,278.18 2 2
github.com/luxfi/evm/accounts/abi/bind/base.go:278.18,280.3 1 2
github.com/luxfi/evm/accounts/abi/bind/base.go:282.2,283.22 2 2
github.com/luxfi/evm/accounts/abi/bind/base.go:283.22,285.17 2 2
github.com/luxfi/evm/accounts/abi/bind/base.go:285.17,287.4 1 0
github.com/luxfi/evm/accounts/abi/bind/base.go:288.3,288.18 1 2
github.com/luxfi/evm/accounts/abi/bind/base.go:291.2,292.22 2 2
github.com/luxfi/evm/accounts/abi/bind/base.go:292.22,297.3 1 2
github.com/luxfi/evm/accounts/abi/bind/base.go:298.2,298.34 1 2
github.com/luxfi/evm/accounts/abi/bind/base.go:298.34,300.3 1 0
github.com/luxfi/evm/accounts/abi/bind/base.go:302.2,303.24 2 2
github.com/luxfi/evm/accounts/abi/bind/base.go:303.24,306.17 3 2
github.com/luxfi/evm/accounts/abi/bind/base.go:306.17,308.4 1 0
github.com/luxfi/evm/accounts/abi/bind/base.go:311.2,312.16 2 2
github.com/luxfi/evm/accounts/abi/bind/base.go:312.16,314.3 1 0
github.com/luxfi/evm/accounts/abi/bind/base.go:315.2,324.33 2 2
github.com/luxfi/evm/accounts/abi/bind/base.go:327.128,328.52 1 2
github.com/luxfi/evm/accounts/abi/bind/base.go:328.52,330.3 1 0
github.com/luxfi/evm/accounts/abi/bind/base.go:332.2,333.18 2 2
github.com/luxfi/evm/accounts/abi/bind/base.go:333.18,335.3 1 2
github.com/luxfi/evm/accounts/abi/bind/base.go:337.2,338.21 2 2
github.com/luxfi/evm/accounts/abi/bind/base.go:338.21,340.17 2 2
github.com/luxfi/evm/accounts/abi/bind/base.go:340.17,342.4 1 0
github.com/luxfi/evm/accounts/abi/bind/base.go:343.3,343.19 1 2
github.com/luxfi/evm/accounts/abi/bind/base.go:346.2,347.24 2 2
github.com/luxfi/evm/accounts/abi/bind/base.go:347.24,350.17 3 2
github.com/luxfi/evm/accounts/abi/bind/base.go:350.17,352.4 1 0
github.com/luxfi/evm/accounts/abi/bind/base.go:355.2,356.16 2 2
github.com/luxfi/evm/accounts/abi/bind/base.go:356.16,358.3 1 0
github.com/luxfi/evm/accounts/abi/bind/base.go:359.2,367.33 2 2
github.com/luxfi/evm/accounts/abi/bind/base.go:370.166,371.21 1 4
github.com/luxfi/evm/accounts/abi/bind/base.go:371.21,373.99 1 4
github.com/luxfi/evm/accounts/abi/bind/base.go:373.99,375.4 1 0
github.com/luxfi/evm/accounts/abi/bind/base.go:375.9,375.28 1 4
github.com/luxfi/evm/accounts/abi/bind/base.go:375.28,377.4 1 0
github.com/luxfi/evm/accounts/abi/bind/base.go:379.2,388.67 2 4
github.com/luxfi/evm/accounts/abi/bind/base.go:391.70,392.23 1 4
github.com/luxfi/evm/accounts/abi/bind/base.go:392.23,395.3 2 4
github.com/luxfi/evm/accounts/abi/bind/base.go:395.8,397.3 1 0
github.com/luxfi/evm/accounts/abi/bind/base.go:402.122,403.78 1 4
github.com/luxfi/evm/accounts/abi/bind/base.go:403.78,405.3 1 0
github.com/luxfi/evm/accounts/abi/bind/base.go:407.2,411.26 2 4
github.com/luxfi/evm/accounts/abi/bind/base.go:411.26,413.3 1 0
github.com/luxfi/evm/accounts/abi/bind/base.go:413.8,413.59 1 4
github.com/luxfi/evm/accounts/abi/bind/base.go:413.59,415.3 1 0
github.com/luxfi/evm/accounts/abi/bind/base.go:415.8,417.101 1 4
github.com/luxfi/evm/accounts/abi/bind/base.go:417.101,419.4 1 0
github.com/luxfi/evm/accounts/abi/bind/base.go:419.9,419.33 1 4
github.com/luxfi/evm/accounts/abi/bind/base.go:419.33,421.4 1 2
github.com/luxfi/evm/accounts/abi/bind/base.go:421.9,424.4 1 2
github.com/luxfi/evm/accounts/abi/bind/base.go:426.2,426.16 1 4
github.com/luxfi/evm/accounts/abi/bind/base.go:426.16,428.3 1 0
github.com/luxfi/evm/accounts/abi/bind/base.go:430.2,430.24 1 4
github.com/luxfi/evm/accounts/abi/bind/base.go:430.24,432.3 1 0
github.com/luxfi/evm/accounts/abi/bind/base.go:433.2,434.16 2 4
github.com/luxfi/evm/accounts/abi/bind/base.go:434.16,436.3 1 0
github.com/luxfi/evm/accounts/abi/bind/base.go:437.2,437.17 1 4
github.com/luxfi/evm/accounts/abi/bind/base.go:437.17,439.3 1 0
github.com/luxfi/evm/accounts/abi/bind/base.go:440.2,440.92 1 4
github.com/luxfi/evm/accounts/abi/bind/base.go:440.92,442.3 1 0
github.com/luxfi/evm/accounts/abi/bind/base.go:443.2,443.22 1 4
github.com/luxfi/evm/accounts/abi/bind/base.go:448.135,450.17 1 0
github.com/luxfi/evm/accounts/abi/bind/base.go:450.17,452.3 1 0
github.com/luxfi/evm/accounts/abi/bind/base.go:454.2,457.16 3 0
github.com/luxfi/evm/accounts/abi/bind/base.go:457.16,459.3 1 0
github.com/luxfi/evm/accounts/abi/bind/base.go:461.2,468.21 3 0
github.com/luxfi/evm/accounts/abi/bind/base.go:468.21,470.3 1 0
github.com/luxfi/evm/accounts/abi/bind/base.go:474.2,475.16 2 0
github.com/luxfi/evm/accounts/abi/bind/base.go:475.16,477.3 1 0
github.com/luxfi/evm/accounts/abi/bind/base.go:478.2,478.69 1 0
github.com/luxfi/evm/accounts/abi/bind/base.go:478.69,479.28 1 0
github.com/luxfi/evm/accounts/abi/bind/base.go:479.28,480.11 1 0
github.com/luxfi/evm/accounts/abi/bind/base.go:481.21,481.21 0 0
github.com/luxfi/evm/accounts/abi/bind/base.go:482.16,483.15 1 0
github.com/luxfi/evm/accounts/abi/bind/base.go:486.3,486.13 1 0
github.com/luxfi/evm/accounts/abi/bind/base.go:489.2,489.16 1 0
github.com/luxfi/evm/accounts/abi/bind/base.go:489.16,491.3 1 0
github.com/luxfi/evm/accounts/abi/bind/base.go:492.2,492.23 1 0
github.com/luxfi/evm/accounts/abi/bind/base.go:497.133,499.17 1 0
github.com/luxfi/evm/accounts/abi/bind/base.go:499.17,501.3 1 0
github.com/luxfi/evm/accounts/abi/bind/base.go:503.2,506.16 3 0
github.com/luxfi/evm/accounts/abi/bind/base.go:506.16,508.3 1 0
github.com/luxfi/evm/accounts/abi/bind/base.go:510.2,516.23 3 0
github.com/luxfi/evm/accounts/abi/bind/base.go:516.23,518.3 1 0
github.com/luxfi/evm/accounts/abi/bind/base.go:519.2,520.16 2 0
github.com/luxfi/evm/accounts/abi/bind/base.go:520.16,522.3 1 0
github.com/luxfi/evm/accounts/abi/bind/base.go:523.2,523.23 1 0
github.com/luxfi/evm/accounts/abi/bind/base.go:527.87,529.26 1 0
github.com/luxfi/evm/accounts/abi/bind/base.go:529.26,531.3 1 0
github.com/luxfi/evm/accounts/abi/bind/base.go:532.2,532.45 1 0
github.com/luxfi/evm/accounts/abi/bind/base.go:532.45,534.3 1 0
github.com/luxfi/evm/accounts/abi/bind/base.go:535.2,535.23 1 0
github.com/luxfi/evm/accounts/abi/bind/base.go:535.23,536.73 1 0
github.com/luxfi/evm/accounts/abi/bind/base.go:536.73,538.4 1 0
github.com/luxfi/evm/accounts/abi/bind/base.go:540.2,541.49 2 0
github.com/luxfi/evm/accounts/abi/bind/base.go:541.49,542.18 1 0
github.com/luxfi/evm/accounts/abi/bind/base.go:542.18,544.4 1 0
github.com/luxfi/evm/accounts/abi/bind/base.go:546.2,546.54 1 0
github.com/luxfi/evm/accounts/abi/bind/base.go:550.105,552.26 1 6
github.com/luxfi/evm/accounts/abi/bind/base.go:552.26,554.3 1 1
github.com/luxfi/evm/accounts/abi/bind/base.go:555.2,555.45 1 5
github.com/luxfi/evm/accounts/abi/bind/base.go:555.45,557.3 1 0
github.com/luxfi/evm/accounts/abi/bind/base.go:558.2,558.23 1 5
github.com/luxfi/evm/accounts/abi/bind/base.go:558.23,559.67 1 5
github.com/luxfi/evm/accounts/abi/bind/base.go:559.67,561.4 1 0
github.com/luxfi/evm/accounts/abi/bind/base.go:563.2,564.49 2 5
github.com/luxfi/evm/accounts/abi/bind/base.go:564.49,565.18 1 20
github.com/luxfi/evm/accounts/abi/bind/base.go:565.18,567.4 1 5
github.com/luxfi/evm/accounts/abi/bind/base.go:569.2,569.61 1 5
github.com/luxfi/evm/accounts/abi/bind/base.go:574.57,575.16 1 43
github.com/luxfi/evm/accounts/abi/bind/base.go:575.16,577.3 1 43
github.com/luxfi/evm/accounts/abi/bind/base.go:578.2,578.12 1 0
github.com/luxfi/evm/accounts/abi/bind/bind.go:54.33,55.13 1 0
github.com/luxfi/evm/accounts/abi/bind/bind.go:56.15,56.15 0 0
github.com/luxfi/evm/accounts/abi/bind/bind.go:57.14,57.14 0 0
github.com/luxfi/evm/accounts/abi/bind/bind.go:58.14,58.14 0 0
github.com/luxfi/evm/accounts/abi/bind/bind.go:59.15,59.15 0 0
github.com/luxfi/evm/accounts/abi/bind/bind.go:60.18,60.18 0 0
github.com/luxfi/evm/accounts/abi/bind/bind.go:61.17,61.17 0 0
github.com/luxfi/evm/accounts/abi/bind/bind.go:62.15,62.15 0 0
github.com/luxfi/evm/accounts/abi/bind/bind.go:63.14,63.14 0 0
github.com/luxfi/evm/accounts/abi/bind/bind.go:64.21,64.21 0 0
github.com/luxfi/evm/accounts/abi/bind/bind.go:65.13,65.13 0 0
github.com/luxfi/evm/accounts/abi/bind/bind.go:66.14,66.14 0 0
github.com/luxfi/evm/accounts/abi/bind/bind.go:67.12,67.12 0 0
github.com/luxfi/evm/accounts/abi/bind/bind.go:68.14,68.14 0 0
github.com/luxfi/evm/accounts/abi/bind/bind.go:69.12,69.12 0 0
github.com/luxfi/evm/accounts/abi/bind/bind.go:70.16,70.16 0 0
github.com/luxfi/evm/accounts/abi/bind/bind.go:71.19,71.19 0 0
github.com/luxfi/evm/accounts/abi/bind/bind.go:72.14,72.14 0 0
github.com/luxfi/evm/accounts/abi/bind/bind.go:73.13,73.13 0 0
github.com/luxfi/evm/accounts/abi/bind/bind.go:74.14,74.14 0 0
github.com/luxfi/evm/accounts/abi/bind/bind.go:75.13,75.13 0 0
github.com/luxfi/evm/accounts/abi/bind/bind.go:76.17,76.17 0 0
github.com/luxfi/evm/accounts/abi/bind/bind.go:77.15,77.15 0 0
github.com/luxfi/evm/accounts/abi/bind/bind.go:78.16,78.16 0 0
github.com/luxfi/evm/accounts/abi/bind/bind.go:79.16,79.16 0 0
github.com/luxfi/evm/accounts/abi/bind/bind.go:80.16,80.16 0 0
github.com/luxfi/evm/accounts/abi/bind/bind.go:81.16,81.16 0 0
github.com/luxfi/evm/accounts/abi/bind/bind.go:82.14,82.14 0 0
github.com/luxfi/evm/accounts/abi/bind/bind.go:83.13,83.13 0 0
github.com/luxfi/evm/accounts/abi/bind/bind.go:84.10,85.15 1 0
github.com/luxfi/evm/accounts/abi/bind/bind.go:88.2,88.13 1 0
github.com/luxfi/evm/accounts/abi/bind/bind.go:95.179,97.2 1 0
github.com/luxfi/evm/accounts/abi/bind/bind.go:99.204,110.34 2 0
github.com/luxfi/evm/accounts/abi/bind/bind.go:110.34,113.17 2 0
github.com/luxfi/evm/accounts/abi/bind/bind.go:113.17,115.4 1 0
github.com/luxfi/evm/accounts/abi/bind/bind.go:117.3,117.48 1 0
github.com/luxfi/evm/accounts/abi/bind/bind.go:117.48,118.26 1 0
github.com/luxfi/evm/accounts/abi/bind/bind.go:118.26,120.5 1 0
github.com/luxfi/evm/accounts/abi/bind/bind.go:121.4,121.12 1 0
github.com/luxfi/evm/accounts/abi/bind/bind.go:125.3,141.51 2 0
github.com/luxfi/evm/accounts/abi/bind/bind.go:141.51,142.29 1 0
github.com/luxfi/evm/accounts/abi/bind/bind.go:142.29,144.5 1 0
github.com/luxfi/evm/accounts/abi/bind/bind.go:147.3,147.43 1 0
github.com/luxfi/evm/accounts/abi/bind/bind.go:147.43,153.30 4 0
github.com/luxfi/evm/accounts/abi/bind/bind.go:153.30,155.5 1 0
github.com/luxfi/evm/accounts/abi/bind/bind.go:157.4,157.75 1 0
github.com/luxfi/evm/accounts/abi/bind/bind.go:157.75,159.85 2 0
github.com/luxfi/evm/accounts/abi/bind/bind.go:159.85,162.6 2 0
github.com/luxfi/evm/accounts/abi/bind/bind.go:164.4,164.35 1 0
github.com/luxfi/evm/accounts/abi/bind/bind.go:164.35,166.5 1 0
github.com/luxfi/evm/accounts/abi/bind/bind.go:167.4,172.44 5 0
github.com/luxfi/evm/accounts/abi/bind/bind.go:172.44,173.50 1 0
github.com/luxfi/evm/accounts/abi/bind/bind.go:173.50,175.6 1 0
github.com/luxfi/evm/accounts/abi/bind/bind.go:176.5,176.30 1 0
github.com/luxfi/evm/accounts/abi/bind/bind.go:176.30,178.6 1 0
github.com/luxfi/evm/accounts/abi/bind/bind.go:180.4,182.46 3 0
github.com/luxfi/evm/accounts/abi/bind/bind.go:182.46,183.26 1 0
github.com/luxfi/evm/accounts/abi/bind/bind.go:183.26,185.6 1 0
github.com/luxfi/evm/accounts/abi/bind/bind.go:186.5,186.31 1 0
github.com/luxfi/evm/accounts/abi/bind/bind.go:186.31,188.6 1 0
github.com/luxfi/evm/accounts/abi/bind/bind.go:191.4,191.29 1 0
github.com/luxfi/evm/accounts/abi/bind/bind.go:191.29,193.5 1 0
github.com/luxfi/evm/accounts/abi/bind/bind.go:193.10,195.5 1 0
github.com/luxfi/evm/accounts/abi/bind/bind.go:197.3,197.42 1 0
github.com/luxfi/evm/accounts/abi/bind/bind.go:197.42,199.26 1 0
github.com/luxfi/evm/accounts/abi/bind/bind.go:199.26,200.13 1 0
github.com/luxfi/evm/accounts/abi/bind/bind.go:203.4,208.75 3 0
github.com/luxfi/evm/accounts/abi/bind/bind.go:208.75,210.85 2 0
github.com/luxfi/evm/accounts/abi/bind/bind.go:210.85,213.6 2 0
github.com/luxfi/evm/accounts/abi/bind/bind.go:215.4,215.40 1 0
github.com/luxfi/evm/accounts/abi/bind/bind.go:215.40,217.5 1 0
github.com/luxfi/evm/accounts/abi/bind/bind.go:218.4,224.44 6 0
github.com/luxfi/evm/accounts/abi/bind/bind.go:224.44,225.50 1 0
github.com/luxfi/evm/accounts/abi/bind/bind.go:225.50,227.6 1 0
github.com/luxfi/evm/accounts/abi/bind/bind.go:230.5,230.31 1 0
github.com/luxfi/evm/accounts/abi/bind/bind.go:230.31,231.54 1 0
github.com/luxfi/evm/accounts/abi/bind/bind.go:231.54,233.12 2 0
github.com/luxfi/evm/accounts/abi/bind/bind.go:235.6,235.87 1 0
github.com/luxfi/evm/accounts/abi/bind/bind.go:237.5,237.30 1 0
github.com/luxfi/evm/accounts/abi/bind/bind.go:237.30,239.6 1 0
github.com/luxfi/evm/accounts/abi/bind/bind.go:242.4,242.82 1 0
github.com/luxfi/evm/accounts/abi/bind/bind.go:245.3,245.27 1 0
github.com/luxfi/evm/accounts/abi/bind/bind.go:245.27,247.4 1 0
github.com/luxfi/evm/accounts/abi/bind/bind.go:248.3,248.26 1 0
github.com/luxfi/evm/accounts/abi/bind/bind.go:248.26,250.4 1 0
github.com/luxfi/evm/accounts/abi/bind/bind.go:251.3,265.21 2 0
github.com/luxfi/evm/accounts/abi/bind/bind.go:265.21,267.4 1 0
github.com/luxfi/evm/accounts/abi/bind/bind.go:269.3,269.35 1 0
github.com/luxfi/evm/accounts/abi/bind/bind.go:269.35,271.18 2 0
github.com/luxfi/evm/accounts/abi/bind/bind.go:271.18,273.5 1 0
github.com/luxfi/evm/accounts/abi/bind/bind.go:274.4,274.15 1 0
github.com/luxfi/evm/accounts/abi/bind/bind.go:274.15,277.34 2 0
github.com/luxfi/evm/accounts/abi/bind/bind.go:277.34,279.6 1 0
github.com/luxfi/evm/accounts/abi/bind/bind.go:284.2,284.34 1 0
github.com/luxfi/evm/accounts/abi/bind/bind.go:284.34,287.3 2 0
github.com/luxfi/evm/accounts/abi/bind/bind.go:289.2,295.21 2 0
github.com/luxfi/evm/accounts/abi/bind/bind.go:295.21,298.17 3 0
github.com/luxfi/evm/accounts/abi/bind/bind.go:298.17,300.4 1 0
github.com/luxfi/evm/accounts/abi/bind/bind.go:301.8,309.3 2 0
github.com/luxfi/evm/accounts/abi/bind/bind.go:310.2,325.51 4 0
github.com/luxfi/evm/accounts/abi/bind/bind.go:325.51,327.3 1 0
github.com/luxfi/evm/accounts/abi/bind/bind.go:329.2,329.20 1 0
github.com/luxfi/evm/accounts/abi/bind/bind.go:329.20,331.17 2 0
github.com/luxfi/evm/accounts/abi/bind/bind.go:331.17,333.4 1 0
github.com/luxfi/evm/accounts/abi/bind/bind.go:334.3,334.27 1 0
github.com/luxfi/evm/accounts/abi/bind/bind.go:337.2,337.29 1 0
github.com/luxfi/evm/accounts/abi/bind/bind.go:347.44,348.16 1 0
github.com/luxfi/evm/accounts/abi/bind/bind.go:349.21,350.26 1 0
github.com/luxfi/evm/accounts/abi/bind/bind.go:351.29,353.19 2 0
github.com/luxfi/evm/accounts/abi/bind/bind.go:354.30,355.53 1 0
github.com/luxfi/evm/accounts/abi/bind/bind.go:357.3,357.20 1 0
github.com/luxfi/evm/accounts/abi/bind/bind.go:358.24,359.44 1 0
github.com/luxfi/evm/accounts/abi/bind/bind.go:360.19,361.18 1 0
github.com/luxfi/evm/accounts/abi/bind/bind.go:362.22,363.20 1 0
github.com/luxfi/evm/accounts/abi/bind/bind.go:364.10,366.23 1 0
github.com/luxfi/evm/accounts/abi/bind/bind.go:373.71,374.16 1 0
github.com/luxfi/evm/accounts/abi/bind/bind.go:375.19,376.55 1 0
github.com/luxfi/evm/accounts/abi/bind/bind.go:377.19,378.74 1 0
github.com/luxfi/evm/accounts/abi/bind/bind.go:379.19,380.48 1 0
github.com/luxfi/evm/accounts/abi/bind/bind.go:381.10,382.31 1 0
github.com/luxfi/evm/accounts/abi/bind/bind.go:394.76,403.44 2 0
github.com/luxfi/evm/accounts/abi/bind/bind.go:403.44,405.3 1 0
github.com/luxfi/evm/accounts/abi/bind/bind.go:406.2,406.14 1 0
github.com/luxfi/evm/accounts/abi/bind/bind.go:418.77,419.16 1 0
github.com/luxfi/evm/accounts/abi/bind/bind.go:420.19,428.37 2 0
github.com/luxfi/evm/accounts/abi/bind/bind.go:428.37,430.4 1 0
github.com/luxfi/evm/accounts/abi/bind/bind.go:431.3,435.40 2 0
github.com/luxfi/evm/accounts/abi/bind/bind.go:435.40,437.61 2 0
github.com/luxfi/evm/accounts/abi/bind/bind.go:437.61,437.80 1 0
github.com/luxfi/evm/accounts/abi/bind/bind.go:438.4,439.107 2 0
github.com/luxfi/evm/accounts/abi/bind/bind.go:441.3,442.17 2 0
github.com/luxfi/evm/accounts/abi/bind/bind.go:442.17,444.4 1 0
github.com/luxfi/evm/accounts/abi/bind/bind.go:445.3,451.14 3 0
github.com/luxfi/evm/accounts/abi/bind/bind.go:452.19,453.80 1 0
github.com/luxfi/evm/accounts/abi/bind/bind.go:454.19,455.54 1 0
github.com/luxfi/evm/accounts/abi/bind/bind.go:456.10,457.31 1 0
github.com/luxfi/evm/accounts/abi/bind/bind.go:464.40,464.75 1 0
github.com/luxfi/evm/accounts/abi/bind/bind.go:469.56,470.39 1 0
github.com/luxfi/evm/accounts/abi/bind/bind.go:470.39,472.3 1 0
github.com/luxfi/evm/accounts/abi/bind/bind.go:473.2,473.10 1 0
github.com/luxfi/evm/accounts/abi/bind/bind.go:486.40,487.21 1 0
github.com/luxfi/evm/accounts/abi/bind/bind.go:487.21,489.3 1 0
github.com/luxfi/evm/accounts/abi/bind/bind.go:491.2,492.49 2 0
github.com/luxfi/evm/accounts/abi/bind/bind.go:497.42,498.19 1 0
github.com/luxfi/evm/accounts/abi/bind/bind.go:498.19,500.3 1 0
github.com/luxfi/evm/accounts/abi/bind/bind.go:501.2,502.27 2 0
github.com/luxfi/evm/accounts/abi/bind/bind.go:502.27,504.21 1 0
github.com/luxfi/evm/accounts/abi/bind/bind.go:504.21,506.4 1 0
github.com/luxfi/evm/accounts/abi/bind/bind.go:509.3,510.35 2 0
github.com/luxfi/evm/accounts/abi/bind/bind.go:510.35,512.4 1 0
github.com/luxfi/evm/accounts/abi/bind/bind.go:513.3,513.23 1 0
github.com/luxfi/evm/accounts/abi/bind/bind.go:515.2,515.13 1 0
github.com/luxfi/evm/accounts/abi/bind/bind.go:520.33,521.13 1 0
github.com/luxfi/evm/accounts/abi/bind/bind.go:522.19,523.28 1 0
github.com/luxfi/evm/accounts/abi/bind/bind.go:524.19,525.28 1 0
github.com/luxfi/evm/accounts/abi/bind/bind.go:526.19,527.14 1 0
github.com/luxfi/evm/accounts/abi/bind/bind.go:528.10,529.15 1 0
github.com/luxfi/evm/accounts/abi/bind/bind_extra.go:23.33,25.2 1 0
github.com/luxfi/evm/accounts/abi/bind/bind_extra.go:32.74,33.16 1 0
github.com/luxfi/evm/accounts/abi/bind/bind_extra.go:34.19,35.62 1 0
github.com/luxfi/evm/accounts/abi/bind/bind_extra.go:36.19,37.81 1 0
github.com/luxfi/evm/accounts/abi/bind/bind_extra.go:38.19,39.15 1 0
github.com/luxfi/evm/accounts/abi/bind/bind_extra.go:40.21,41.28 1 0
github.com/luxfi/evm/accounts/abi/bind/bind_extra.go:42.29,44.19 2 0
github.com/luxfi/evm/accounts/abi/bind/bind_extra.go:45.30,46.14 1 0
github.com/luxfi/evm/accounts/abi/bind/bind_extra.go:48.3,48.24 1 0
github.com/luxfi/evm/accounts/abi/bind/bind_extra.go:49.24,50.51 1 0
github.com/luxfi/evm/accounts/abi/bind/bind_extra.go:51.19,52.20 1 0
github.com/luxfi/evm/accounts/abi/bind/bind_extra.go:53.22,54.22 1 0
github.com/luxfi/evm/accounts/abi/bind/bind_extra.go:55.18,56.17 1 0
github.com/luxfi/evm/accounts/abi/bind/bind_extra.go:57.20,58.14 1 0
github.com/luxfi/evm/accounts/abi/bind/bind_extra.go:59.10,60.15 1 0
github.com/luxfi/evm/accounts/abi/bind/bind_extra.go:64.32,66.2 1 0
github.com/luxfi/evm/accounts/abi/bind/bind_extra.go:68.24,70.2 1 0
github.com/luxfi/evm/accounts/abi/bind/util.go:43.101,48.6 4 0
github.com/luxfi/evm/accounts/abi/bind/util.go:48.6,50.17 2 0
github.com/luxfi/evm/accounts/abi/bind/util.go:50.17,52.4 1 0
github.com/luxfi/evm/accounts/abi/bind/util.go:54.3,54.40 1 0
github.com/luxfi/evm/accounts/abi/bind/util.go:54.40,56.4 1 0
github.com/luxfi/evm/accounts/abi/bind/util.go:56.9,58.4 1 0
github.com/luxfi/evm/accounts/abi/bind/util.go:61.3,61.10 1 0
github.com/luxfi/evm/accounts/abi/bind/util.go:62.21,63.25 1 0
github.com/luxfi/evm/accounts/abi/bind/util.go:64.24,64.24 0 0
github.com/luxfi/evm/accounts/abi/bind/util.go:71.104,72.20 1 0
github.com/luxfi/evm/accounts/abi/bind/util.go:72.20,74.3 1 0
github.com/luxfi/evm/accounts/abi/bind/util.go:75.2,76.16 2 0
github.com/luxfi/evm/accounts/abi/bind/util.go:76.16,78.3 1 0
github.com/luxfi/evm/accounts/abi/bind/util.go:79.2,79.51 1 0
github.com/luxfi/evm/accounts/abi/bind/util.go:79.51,81.3 1 0
github.com/luxfi/evm/accounts/abi/bind/util.go:85.2,86.34 2 0
github.com/luxfi/evm/accounts/abi/bind/util.go:86.34,88.3 1 0
github.com/luxfi/evm/accounts/abi/bind/util.go:89.2,89.37 1 0
github.com/luxfi/evm/commontype/fee_config.go:63.36,64.9 1 10
github.com/luxfi/evm/commontype/fee_config.go:65.25,66.46 1 1
github.com/luxfi/evm/commontype/fee_config.go:67.27,68.48 1 0
github.com/luxfi/evm/commontype/fee_config.go:69.26,70.47 1 0
github.com/luxfi/evm/commontype/fee_config.go:71.41,72.62 1 0
github.com/luxfi/evm/commontype/fee_config.go:73.32,74.53 1 0
github.com/luxfi/evm/commontype/fee_config.go:75.32,76.53 1 0
github.com/luxfi/evm/commontype/fee_config.go:77.33,78.54 1 0
github.com/luxfi/evm/commontype/fee_config.go:81.2,81.9 1 9
github.com/luxfi/evm/commontype/fee_config.go:82.40,83.83 1 1
github.com/luxfi/evm/commontype/fee_config.go:84.30,85.97 1 1
github.com/luxfi/evm/commontype/fee_config.go:86.43,87.75 1 1
github.com/luxfi/evm/commontype/fee_config.go:88.41,89.85 1 1
github.com/luxfi/evm/commontype/fee_config.go:90.56,91.115 1 1
github.com/luxfi/evm/commontype/fee_config.go:92.48,93.85 1 1
github.com/luxfi/evm/commontype/fee_config.go:94.53,95.126 1 1
github.com/luxfi/evm/commontype/fee_config.go:96.49,97.87 1 1
github.com/luxfi/evm/commontype/fee_config.go:98.37,99.85 1 0
github.com/luxfi/evm/commontype/fee_config.go:101.2,101.26 1 1
github.com/luxfi/evm/commontype/fee_config.go:105.50,106.18 1 3
github.com/luxfi/evm/commontype/fee_config.go:106.18,108.3 1 1
github.com/luxfi/evm/commontype/fee_config.go:110.2,117.64 1 2
github.com/luxfi/evm/commontype/fee_config.go:121.43,122.37 1 1
github.com/luxfi/evm/commontype/fee_config.go:122.37,124.3 1 0
github.com/luxfi/evm/commontype/fee_config.go:125.2,125.68 1 1
github.com/luxfi/evm/commontype/fee_config.go:125.68,127.3 1 0
github.com/luxfi/evm/commontype/fee_config.go:128.2,128.39 1 1
github.com/luxfi/evm/commontype/fee_config.go:128.39,130.3 1 0
github.com/luxfi/evm/commontype/fee_config.go:131.2,131.38 1 1
github.com/luxfi/evm/commontype/fee_config.go:131.38,133.3 1 0
github.com/luxfi/evm/commontype/fee_config.go:134.2,134.53 1 1
github.com/luxfi/evm/commontype/fee_config.go:134.53,136.3 1 0
github.com/luxfi/evm/commontype/fee_config.go:137.2,137.44 1 1
github.com/luxfi/evm/commontype/fee_config.go:137.44,139.3 1 0
github.com/luxfi/evm/commontype/fee_config.go:140.2,140.44 1 1
github.com/luxfi/evm/commontype/fee_config.go:140.44,142.3 1 0
github.com/luxfi/evm/commontype/fee_config.go:143.2,143.45 1 1
github.com/luxfi/evm/commontype/fee_config.go:143.45,145.3 1 0
github.com/luxfi/evm/commontype/fee_config.go:146.2,146.12 1 1
github.com/luxfi/evm/commontype/fee_config.go:149.48,153.2 3 8
github.com/luxfi/evm/consensus/dummy/consensus.go:53.16,58.2 1 0
github.com/luxfi/evm/consensus/dummy/consensus.go:60.33,65.2 1 0
github.com/luxfi/evm/consensus/dummy/consensus.go:67.30,71.2 1 6
github.com/luxfi/evm/consensus/dummy/consensus.go:73.60,77.2 1 0
github.com/luxfi/evm/consensus/dummy/consensus.go:79.47,84.2 1 0
github.com/luxfi/evm/consensus/dummy/consensus.go:86.78,91.2 1 0
github.com/luxfi/evm/consensus/dummy/consensus.go:93.38,98.2 1 0
github.com/luxfi/evm/consensus/dummy/consensus.go:100.34,105.2 1 0
github.com/luxfi/evm/consensus/dummy/consensus.go:108.125,109.40 1 0
github.com/luxfi/evm/consensus/dummy/consensus.go:109.40,111.3 1 0
github.com/luxfi/evm/consensus/dummy/consensus.go:113.2,114.16 2 0
github.com/luxfi/evm/consensus/dummy/consensus.go:114.16,116.3 1 0
github.com/luxfi/evm/consensus/dummy/consensus.go:118.2,118.26 1 0
github.com/luxfi/evm/consensus/dummy/consensus.go:118.26,121.3 1 0
github.com/luxfi/evm/consensus/dummy/consensus.go:124.2,124.50 1 0
github.com/luxfi/evm/consensus/dummy/consensus.go:124.50,126.3 1 0
github.com/luxfi/evm/consensus/dummy/consensus.go:127.2,127.12 1 0
github.com/luxfi/evm/consensus/dummy/consensus.go:130.152,137.16 2 0
github.com/luxfi/evm/consensus/dummy/consensus.go:137.16,139.3 1 0
github.com/luxfi/evm/consensus/dummy/consensus.go:140.2,140.86 1 0
github.com/luxfi/evm/consensus/dummy/consensus.go:140.86,142.3 1 0
github.com/luxfi/evm/consensus/dummy/consensus.go:143.2,143.87 1 0
github.com/luxfi/evm/consensus/dummy/consensus.go:143.87,145.3 1 0
github.com/luxfi/evm/consensus/dummy/consensus.go:146.2,146.79 1 0
github.com/luxfi/evm/consensus/dummy/consensus.go:146.79,148.3 1 0
github.com/luxfi/evm/consensus/dummy/consensus.go:152.2,152.28 1 0
github.com/luxfi/evm/consensus/dummy/consensus.go:152.28,154.17 2 0
github.com/luxfi/evm/consensus/dummy/consensus.go:154.17,156.4 1 0
github.com/luxfi/evm/consensus/dummy/consensus.go:157.3,157.55 1 0
github.com/luxfi/evm/consensus/dummy/consensus.go:157.55,159.4 1 0
github.com/luxfi/evm/consensus/dummy/consensus.go:163.2,171.37 3 0
github.com/luxfi/evm/consensus/dummy/consensus.go:171.37,173.3 1 0
github.com/luxfi/evm/consensus/dummy/consensus.go:174.2,174.72 1 0
github.com/luxfi/evm/consensus/dummy/consensus.go:174.72,176.3 1 0
github.com/luxfi/evm/consensus/dummy/consensus.go:177.2,177.12 1 0
github.com/luxfi/evm/consensus/dummy/consensus.go:181.135,183.11 1 0
github.com/luxfi/evm/consensus/dummy/consensus.go:183.11,185.3 1 0
github.com/luxfi/evm/consensus/dummy/consensus.go:188.2,190.70 3 0
github.com/luxfi/evm/consensus/dummy/consensus.go:190.70,192.3 1 0
github.com/luxfi/evm/consensus/dummy/consensus.go:195.2,195.96 1 0
github.com/luxfi/evm/consensus/dummy/consensus.go:195.96,197.3 1 0
github.com/luxfi/evm/consensus/dummy/consensus.go:199.2,199.66 1 0
github.com/luxfi/evm/consensus/dummy/consensus.go:199.66,201.3 1 0
github.com/luxfi/evm/consensus/dummy/consensus.go:204.2,204.79 1 0
github.com/luxfi/evm/consensus/dummy/consensus.go:204.79,206.3 1 0
github.com/luxfi/evm/consensus/dummy/consensus.go:209.2,209.31 1 0
github.com/luxfi/evm/consensus/dummy/consensus.go:209.31,211.3 1 0
github.com/luxfi/evm/consensus/dummy/consensus.go:213.2,213.90 1 0
github.com/luxfi/evm/consensus/dummy/consensus.go:213.90,215.3 1 0
github.com/luxfi/evm/consensus/dummy/consensus.go:217.2,218.13 2 0
github.com/luxfi/evm/consensus/dummy/consensus.go:218.13,219.10 1 0
github.com/luxfi/evm/consensus/dummy/consensus.go:220.36,221.92 1 0
github.com/luxfi/evm/consensus/dummy/consensus.go:222.34,223.88 1 0
github.com/luxfi/evm/consensus/dummy/consensus.go:224.39,225.99 1 0
github.com/luxfi/evm/consensus/dummy/consensus.go:227.8,228.37 1 0
github.com/luxfi/evm/consensus/dummy/consensus.go:228.37,230.4 1 0
github.com/luxfi/evm/consensus/dummy/consensus.go:231.3,231.50 1 0
github.com/luxfi/evm/consensus/dummy/consensus.go:231.50,233.4 1 0
github.com/luxfi/evm/consensus/dummy/consensus.go:234.3,234.85 1 0
github.com/luxfi/evm/consensus/dummy/consensus.go:234.85,236.4 1 0
github.com/luxfi/evm/consensus/dummy/consensus.go:237.3,237.30 1 0
github.com/luxfi/evm/consensus/dummy/consensus.go:237.30,239.4 1 0
github.com/luxfi/evm/consensus/dummy/consensus.go:241.2,241.12 1 0
github.com/luxfi/evm/consensus/dummy/consensus.go:244.74,246.2 1 0
github.com/luxfi/evm/consensus/dummy/consensus.go:248.101,250.38 1 0
github.com/luxfi/evm/consensus/dummy/consensus.go:250.38,252.3 1 0
github.com/luxfi/evm/consensus/dummy/consensus.go:254.2,255.51 2 0
github.com/luxfi/evm/consensus/dummy/consensus.go:255.51,257.3 1 0
github.com/luxfi/evm/consensus/dummy/consensus.go:258.2,259.19 2 0
github.com/luxfi/evm/consensus/dummy/consensus.go:259.19,261.3 1 0
github.com/luxfi/evm/consensus/dummy/consensus.go:263.2,263.55 1 0
github.com/luxfi/evm/consensus/dummy/consensus.go:266.89,267.29 1 0
github.com/luxfi/evm/consensus/dummy/consensus.go:267.29,269.3 1 0
github.com/luxfi/evm/consensus/dummy/consensus.go:270.2,270.12 1 0
github.com/luxfi/evm/consensus/dummy/consensus.go:273.92,276.2 2 0
github.com/luxfi/evm/consensus/dummy/consensus.go:283.9,284.40 1 6
github.com/luxfi/evm/consensus/dummy/consensus.go:284.40,286.3 1 0
github.com/luxfi/evm/consensus/dummy/consensus.go:287.2,287.43 1 6
github.com/luxfi/evm/consensus/dummy/consensus.go:287.43,289.3 1 0
github.com/luxfi/evm/consensus/dummy/consensus.go:290.2,290.69 1 6
github.com/luxfi/evm/consensus/dummy/consensus.go:290.69,292.3 1 0
github.com/luxfi/evm/consensus/dummy/consensus.go:294.2,300.35 2 6
github.com/luxfi/evm/consensus/dummy/consensus.go:300.35,304.17 2 8
github.com/luxfi/evm/consensus/dummy/consensus.go:304.17,306.4 1 0
github.com/luxfi/evm/consensus/dummy/consensus.go:316.3,317.57 2 8
github.com/luxfi/evm/consensus/dummy/consensus.go:321.2,328.44 2 6
github.com/luxfi/evm/consensus/dummy/consensus.go:328.44,334.3 1 1
github.com/luxfi/evm/consensus/dummy/consensus.go:335.2,335.12 1 5
github.com/luxfi/evm/consensus/dummy/consensus.go:338.166,340.38 1 0
github.com/luxfi/evm/consensus/dummy/consensus.go:340.38,342.3 1 0
github.com/luxfi/evm/consensus/dummy/consensus.go:344.2,349.16 4 0
github.com/luxfi/evm/consensus/dummy/consensus.go:349.16,351.3 1 0
github.com/luxfi/evm/consensus/dummy/consensus.go:353.2,361.92 3 0
github.com/luxfi/evm/consensus/dummy/consensus.go:361.92,363.3 1 0
github.com/luxfi/evm/consensus/dummy/consensus.go:364.2,364.57 1 0
github.com/luxfi/evm/consensus/dummy/consensus.go:364.57,366.3 1 0
github.com/luxfi/evm/consensus/dummy/consensus.go:367.2,367.35 1 0
github.com/luxfi/evm/consensus/dummy/consensus.go:367.35,374.17 1 0
github.com/luxfi/evm/consensus/dummy/consensus.go:374.17,376.4 1 0
github.com/luxfi/evm/consensus/dummy/consensus.go:379.2,379.12 1 0
github.com/luxfi/evm/consensus/dummy/consensus.go:384.25,388.16 2 0
github.com/luxfi/evm/consensus/dummy/consensus.go:388.16,390.3 1 0
github.com/luxfi/evm/consensus/dummy/consensus.go:391.2,403.37 5 0
github.com/luxfi/evm/consensus/dummy/consensus.go:403.37,410.17 1 0
github.com/luxfi/evm/consensus/dummy/consensus.go:410.17,412.4 1 0
github.com/luxfi/evm/consensus/dummy/consensus.go:416.2,417.16 2 0
github.com/luxfi/evm/consensus/dummy/consensus.go:417.16,419.3 1 0
github.com/luxfi/evm/consensus/dummy/consensus.go:420.2,432.8 4 0
github.com/luxfi/evm/consensus/dummy/consensus.go:435.115,437.2 1 0
github.com/luxfi/evm/consensus/dummy/consensus.go:439.35,441.2 1 0
github.com/luxfi/evm/consensus/dummy/consensus.go:445.56,447.38 1 0
github.com/luxfi/evm/consensus/dummy/consensus.go:447.38,449.3 1 0
github.com/luxfi/evm/consensus/dummy/consensus.go:452.2,452.62 1 0
github.com/luxfi/evm/consensus/dummy/consensus.go:452.62,454.3 1 0
github.com/luxfi/evm/consensus/dummy/consensus.go:455.2,455.60 1 0
github.com/luxfi/evm/consensus/dummy/consensus.go:455.60,457.3 1 0
github.com/luxfi/evm/consensus/dummy/consensus.go:460.2,460.41 1 0
github.com/luxfi/evm/cmd/evm/compiler.go:47.41,50.34 2 0
github.com/luxfi/evm/cmd/evm/compiler.go:50.34,52.3 1 0
github.com/luxfi/evm/cmd/evm/compiler.go:54.2,56.16 3 0
github.com/luxfi/evm/cmd/evm/compiler.go:56.16,58.3 1 0
github.com/luxfi/evm/cmd/evm/compiler.go:60.2,61.16 2 0
github.com/luxfi/evm/cmd/evm/compiler.go:61.16,63.3 1 0
[...]
github.com/luxfi/evm/core/txpool/legacypool/list.go:230.80,234.3 3 14759
github.com/luxfi/evm/core/txpool/legacypool/list.go:235.2,239.14 4 2208
github.com/luxfi/evm/core/txpool/legacypool/list.go:243.31,245.2 1 846638
github.com/luxfi/evm/core/txpool/legacypool/list.go:247.50,251.20 3 3008
github.com/luxfi/evm/core/txpool/legacypool/list.go:251.20,253.30 2 2621
github.com/luxfi/evm/core/txpool/legacypool/list.go:253.30,255.4 1 21700
github.com/luxfi/evm/core/txpool/legacypool/list.go:256.3,256.38 1 2621
github.com/luxfi/evm/core/txpool/legacypool/list.go:258.2,258.16 1 3008
github.com/luxfi/evm/core/txpool/legacypool/list.go:264.50,270.2 4 3000
github.com/luxfi/evm/core/txpool/legacypool/list.go:274.54,277.2 2 8
github.com/luxfi/evm/core/txpool/legacypool/list.go:294.33,301.2 1 2376
github.com/luxfi/evm/core/txpool/legacypool/list.go:305.44,307.2 1 4146
github.com/luxfi/evm/core/txpool/legacypool/list.go:314.88,317.16 2 34075
github.com/luxfi/evm/core/txpool/legacypool/list.go:317.16,318.61 1 28
github.com/luxfi/evm/core/txpool/legacypool/list.go:318.61,320.4 1 13
github.com/luxfi/evm/core/txpool/legacypool/list.go:322.3,334.86 7 15
github.com/luxfi/evm/core/txpool/legacypool/list.go:334.86,336.4 1 2
github.com/luxfi/evm/core/txpool/legacypool/list.go:338.3,338.44 1 13
github.com/luxfi/evm/core/txpool/legacypool/list.go:341.2,342.14 2 34060
github.com/luxfi/evm/core/txpool/legacypool/list.go:342.14,344.3 1 2
github.com/luxfi/evm/core/txpool/legacypool/list.go:345.2,349.29 3 34058
github.com/luxfi/evm/core/txpool/legacypool/list.go:349.29,351.3 1 4401
github.com/luxfi/evm/core/txpool/legacypool/list.go:352.2,352.37 1 34058
github.com/luxfi/evm/core/txpool/legacypool/list.go:352.37,354.3 1 2381
github.com/luxfi/evm/core/txpool/legacypool/list.go:355.2,355.18 1 34058
github.com/luxfi/evm/core/txpool/legacypool/list.go:361.61,365.2 3 3325
github.com/luxfi/evm/core/txpool/legacypool/list.go:376.105,378.59 1 3325
github.com/luxfi/evm/core/txpool/legacypool/list.go:378.59,380.3 1 3319
github.com/luxfi/evm/core/txpool/legacypool/list.go:381.2,385.59 3 6
github.com/luxfi/evm/core/txpool/legacypool/list.go:385.59,387.3 1 210
github.com/luxfi/evm/core/txpool/legacypool/list.go:389.2,389.23 1 6
github.com/luxfi/evm/core/txpool/legacypool/list.go:389.23,391.3 1 0
github.com/luxfi/evm/core/txpool/legacypool/list.go:392.2,394.14 2 6
github.com/luxfi/evm/core/txpool/legacypool/list.go:394.14,396.30 2 4
github.com/luxfi/evm/core/txpool/legacypool/list.go:396.30,397.43 1 102
github.com/luxfi/evm/core/txpool/legacypool/list.go:397.43,399.5 1 15
github.com/luxfi/evm/core/txpool/legacypool/list.go:401.3,401.60 1 4
github.com/luxfi/evm/core/txpool/legacypool/list.go:401.60,401.90 1 103
github.com/luxfi/evm/core/txpool/legacypool/list.go:404.2,407.26 4 6
github.com/luxfi/evm/core/txpool/legacypool/list.go:412.54,416.2 3 1543
github.com/luxfi/evm/core/txpool/legacypool/list.go:421.73,424.46 2 683
github.com/luxfi/evm/core/txpool/legacypool/list.go:424.46,426.3 1 3
github.com/luxfi/evm/core/txpool/legacypool/list.go:427.2,429.14 2 680
github.com/luxfi/evm/core/txpool/legacypool/list.go:429.14,430.56 1 281
github.com/luxfi/evm/core/txpool/legacypool/list.go:430.56,430.85 1 12
github.com/luxfi/evm/core/txpool/legacypool/list.go:431.3,432.19 2 281
github.com/luxfi/evm/core/txpool/legacypool/list.go:434.2,434.18 1 399
github.com/luxfi/evm/core/txpool/legacypool/list.go:444.55,448.2 3 3315
github.com/luxfi/evm/core/txpool/legacypool/list.go:451.26,453.2 1 846638
github.com/luxfi/evm/core/txpool/legacypool/list.go:456.29,458.2 1 4005
github.com/luxfi/evm/core/txpool/legacypool/list.go:463.45,465.2 1 787
github.com/luxfi/evm/core/txpool/legacypool/list.go:469.49,471.2 1 8
github.com/luxfi/evm/core/txpool/legacypool/list.go:475.55,476.25 1 9169
github.com/luxfi/evm/core/txpool/legacypool/list.go:476.25,478.16 2 17064
github.com/luxfi/evm/core/txpool/legacypool/list.go:478.16,479.32 1 0
github.com/luxfi/evm/core/txpool/legacypool/list.go:493.36,493.58 1 29715
github.com/luxfi/evm/core/txpool/legacypool/list.go:494.36,494.83 1 130626
github.com/luxfi/evm/core/txpool/legacypool/list.go:496.41,497.37 1 232478
github.com/luxfi/evm/core/txpool/legacypool/list.go:498.10,499.14 1 2678
github.com/luxfi/evm/core/txpool/legacypool/list.go:500.9,501.15 1 1697
github.com/luxfi/evm/core/txpool/legacypool/list.go:502.10,503.47 1 228103
github.com/luxfi/evm/core/txpool/legacypool/list.go:507.54,508.22 1 247220
github.com/luxfi/evm/core/txpool/legacypool/list.go:508.22,511.55 2 34505
github.com/luxfi/evm/core/txpool/legacypool/list.go:511.55,513.4 1 2880
github.com/luxfi/evm/core/txpool/legacypool/list.go:516.2,516.36 1 244340
github.com/luxfi/evm/core/txpool/legacypool/list.go:516.36,518.3 1 10281
github.com/luxfi/evm/core/txpool/legacypool/list.go:520.2,520.26 1 234059
github.com/luxfi/evm/core/txpool/legacypool/list.go:523.41,526.2 2 19928
github.com/luxfi/evm/core/txpool/legacypool/list.go:528.39,535.2 6 9355
github.com/luxfi/evm/core/txpool/legacypool/list.go:564.45,568.2 1 45
github.com/luxfi/evm/core/txpool/legacypool/list.go:571.61,572.11 1 20191
github.com/luxfi/evm/core/txpool/legacypool/list.go:572.11,574.3 1 2594
github.com/luxfi/evm/core/txpool/legacypool/list.go:576.2,576.26 1 17597
github.com/luxfi/evm/core/txpool/legacypool/list.go:582.41,585.64 2 3991
github.com/luxfi/evm/core/txpool/legacypool/list.go:585.64,587.3 1 3938
github.com/luxfi/evm/core/txpool/legacypool/list.go:589.2,589.12 1 53
github.com/luxfi/evm/core/txpool/legacypool/list.go:594.62,600.2 1 14562
github.com/luxfi/evm/core/txpool/legacypool/list.go:604.79,606.22 1 26832
github.com/luxfi/evm/core/txpool/legacypool/list.go:606.22,608.42 2 14742
github.com/luxfi/evm/core/txpool/legacypool/list.go:608.42,611.12 3 0
github.com/luxfi/evm/core/txpool/legacypool/list.go:613.3,613.8 1 14742
github.com/luxfi/evm/core/txpool/legacypool/list.go:616.2,616.22 1 26832
github.com/luxfi/evm/core/txpool/legacypool/list.go:616.22,618.3 1 12090
github.com/luxfi/evm/core/txpool/legacypool/list.go:621.2,621.34 1 14742
github.com/luxfi/evm/core/txpool/legacypool/list.go:629.80,631.16 2 2307
github.com/luxfi/evm/core/txpool/legacypool/list.go:631.16,632.74 1 4638
github.com/luxfi/evm/core/txpool/legacypool/list.go:632.74,635.41 2 2331
github.com/luxfi/evm/core/txpool/legacypool/list.go:635.41,637.13 2 0
github.com/luxfi/evm/core/txpool/legacypool/list.go:640.4,640.30 1 2331
github.com/luxfi/evm/core/txpool/legacypool/list.go:641.9,642.33 1 2307
github.com/luxfi/evm/core/txpool/legacypool/list.go:642.33,644.10 1 0
github.com/luxfi/evm/core/txpool/legacypool/list.go:647.4,648.41 2 2307
github.com/luxfi/evm/core/txpool/legacypool/list.go:648.41,650.13 2 0
github.com/luxfi/evm/core/txpool/legacypool/list.go:653.4,654.25 2 2307
github.com/luxfi/evm/core/txpool/legacypool/list.go:658.2,658.25 1 2307
github.com/luxfi/evm/core/txpool/legacypool/list.go:658.25,659.27 1 0
github.com/luxfi/evm/core/txpool/legacypool/list.go:659.27,661.4 1 0
github.com/luxfi/evm/core/txpool/legacypool/list.go:662.3,662.20 1 0
github.com/luxfi/evm/core/txpool/legacypool/list.go:664.2,664.19 1 2307
github.com/luxfi/evm/core/txpool/legacypool/list.go:668.31,674.77 6 157
github.com/luxfi/evm/core/txpool/legacypool/list.go:674.77,677.3 2 23759
github.com/luxfi/evm/core/txpool/legacypool/list.go:678.2,687.37 4 157
github.com/luxfi/evm/core/txpool/legacypool/list.go:687.37,689.3 1 4717
github.com/luxfi/evm/core/txpool/legacypool/list.go:690.2,691.39 2 157
github.com/luxfi/evm/core/txpool/legacypool/list.go:696.51,699.2 2 45
github.com/luxfi/evm/core/txpool/legacypool/noncer.go:47.48,52.2 1 62
github.com/luxfi/evm/core/txpool/legacypool/noncer.go:56.52,62.36 3 6937
github.com/luxfi/evm/core/txpool/legacypool/noncer.go:62.36,63.55 1 3523
github.com/luxfi/evm/core/txpool/legacypool/noncer.go:63.55,65.4 1 9
github.com/luxfi/evm/core/txpool/legacypool/noncer.go:67.2,67.25 1 6937
github.com/luxfi/evm/core/txpool/legacypool/noncer.go:72.59,77.2 3 14762
github.com/luxfi/evm/core/txpool/legacypool/noncer.go:81.66,85.36 3 530
github.com/luxfi/evm/core/txpool/legacypool/noncer.go:85.36,86.55 1 0
github.com/luxfi/evm/core/txpool/legacypool/noncer.go:86.55,88.4 1 0
github.com/luxfi/evm/core/txpool/legacypool/noncer.go:90.2,90.31 1 530
github.com/luxfi/evm/core/txpool/legacypool/noncer.go:90.31,92.3 1 0
github.com/luxfi/evm/core/txpool/legacypool/noncer.go:93.2,93.26 1 530
github.com/luxfi/evm/core/txpool/legacypool/noncer.go:97.58,102.2 3 16
github.com/luxfi/evm/precompile/contracts/warp/config.go:56.107,62.2 1 54
github.com/luxfi/evm/precompile/contracts/warp/config.go:66.55,68.2 1 39
github.com/luxfi/evm/precompile/contracts/warp/config.go:72.55,79.2 1 0
github.com/luxfi/evm/precompile/contracts/warp/config.go:83.29,83.49 1 0
github.com/luxfi/evm/precompile/contracts/warp/config.go:86.73,87.26 1 6
github.com/luxfi/evm/precompile/contracts/warp/config.go:87.26,90.40 2 6
github.com/luxfi/evm/precompile/contracts/warp/config.go:90.40,92.4 1 1
github.com/luxfi/evm/precompile/contracts/warp/config.go:95.2,95.47 1 5
github.com/luxfi/evm/precompile/contracts/warp/config.go:95.47,97.3 1 1
github.com/luxfi/evm/precompile/contracts/warp/config.go:99.2,99.78 1 4
github.com/luxfi/evm/precompile/contracts/warp/config.go:99.78,101.3 1 1
github.com/luxfi/evm/precompile/contracts/warp/config.go:102.2,102.12 1 3
github.com/luxfi/evm/precompile/contracts/warp/config.go:106.56,109.9 2 6
github.com/luxfi/evm/precompile/contracts/warp/config.go:109.9,111.3 1 2
github.com/luxfi/evm/precompile/contracts/warp/config.go:112.2,113.61 2 4
github.com/luxfi/evm/precompile/contracts/warp/config.go:116.189,118.16 2 0
github.com/luxfi/evm/precompile/contracts/warp/config.go:118.16,120.3 1 0
github.com/luxfi/evm/precompile/contracts/warp/config.go:121.2,130.67 2 0
github.com/luxfi/evm/precompile/contracts/warp/config.go:130.67,132.3 1 0
github.com/luxfi/evm/precompile/contracts/warp/config.go:133.2,133.12 1 0
github.com/luxfi/evm/precompile/contracts/warp/config.go:144.70,147.14 3 34
github.com/luxfi/evm/precompile/contracts/warp/config.go:147.14,149.3 1 0
github.com/luxfi/evm/precompile/contracts/warp/config.go:150.2,151.14 2 34
github.com/luxfi/evm/precompile/contracts/warp/config.go:151.14,153.3 1 0
github.com/luxfi/evm/precompile/contracts/warp/config.go:155.2,156.16 2 34
github.com/luxfi/evm/precompile/contracts/warp/config.go:156.16,158.3 1 1
github.com/luxfi/evm/precompile/contracts/warp/config.go:159.2,160.16 2 33
github.com/luxfi/evm/precompile/contracts/warp/config.go:160.16,162.3 1 33
github.com/luxfi/evm/precompile/contracts/warp/config.go:163.2,164.16 2 0
github.com/luxfi/evm/precompile/contracts/warp/config.go:164.16,166.3 1 0
github.com/luxfi/evm/precompile/contracts/warp/config.go:169.2,170.9 2 0
github.com/luxfi/evm/precompile/contracts/warp/config.go:170.9,172.3 1 0
github.com/luxfi/evm/precompile/contracts/warp/config.go:173.2,175.14 3 0
github.com/luxfi/evm/precompile/contracts/warp/config.go:175.14,177.3 1 0
github.com/luxfi/evm/precompile/contracts/warp/config.go:178.2,179.14 2 0
github.com/luxfi/evm/precompile/contracts/warp/config.go:179.14,181.3 1 0
github.com/luxfi/evm/precompile/contracts/warp/config.go:183.2,183.22 1 0
github.com/luxfi/evm/precompile/contracts/warp/config.go:187.116,189.16 2 0
github.com/luxfi/evm/precompile/contracts/warp/config.go:189.16,191.3 1 0
github.com/luxfi/evm/precompile/contracts/warp/config.go:194.2,195.16 2 0
github.com/luxfi/evm/precompile/contracts/warp/config.go:195.16,197.3 1 0
github.com/luxfi/evm/precompile/contracts/warp/config.go:199.2,200.28 2 0
github.com/luxfi/evm/precompile/contracts/warp/config.go:200.28,202.3 1 0
github.com/luxfi/evm/precompile/contracts/warp/config.go:204.2,209.27 3 0
github.com/luxfi/evm/precompile/contracts/warp/config.go:209.27,211.3 1 0
github.com/luxfi/evm/precompile/contracts/warp/config.go:216.2,216.107 1 0
github.com/luxfi/evm/precompile/contracts/warp/contract.go:84.44,86.2 1 0
github.com/luxfi/evm/precompile/contracts/warp/contract.go:90.74,92.2 1 0
github.com/luxfi/evm/precompile/contracts/warp/contract.go:95.202,96.93 1 0
github.com/luxfi/evm/precompile/contracts/warp/contract.go:96.93,98.3 1 0
github.com/luxfi/evm/precompile/contracts/warp/contract.go:99.2,102.16 4 0
github.com/luxfi/evm/precompile/contracts/warp/contract.go:102.16,104.3 1 0
github.com/luxfi/evm/precompile/contracts/warp/contract.go:107.2,107.40 1 0
github.com/luxfi/evm/precompile/contracts/warp/contract.go:112.72,116.16 2 0
github.com/luxfi/evm/precompile/contracts/warp/contract.go:116.16,118.3 1 0
github.com/luxfi/evm/precompile/contracts/warp/contract.go:119.2,120.22 2 0
github.com/luxfi/evm/precompile/contracts/warp/contract.go:126.65,128.2 1 0
github.com/luxfi/evm/precompile/contracts/warp/contract.go:132.102,137.2 1 1
github.com/luxfi/evm/precompile/contracts/warp/contract.go:141.98,146.2 3 0
github.com/luxfi/evm/precompile/contracts/warp/contract.go:148.211,150.2 1 0
github.com/luxfi/evm/precompile/contracts/warp/contract.go:154.70,158.16 2 0
github.com/luxfi/evm/precompile/contracts/warp/contract.go:158.16,160.3 1 0
github.com/luxfi/evm/precompile/contracts/warp/contract.go:161.2,162.22 2 0
github.com/luxfi/evm/precompile/contracts/warp/contract.go:168.63,170.2 1 0
github.com/luxfi/evm/precompile/contracts/warp/contract.go:174.98,179.2 1 1
github.com/luxfi/evm/precompile/contracts/warp/contract.go:183.94,188.2 3 0
github.com/luxfi/evm/precompile/contracts/warp/contract.go:192.209,194.2 1 0
github.com/luxfi/evm/precompile/contracts/warp/contract.go:198.63,202.16 2 0
github.com/luxfi/evm/precompile/contracts/warp/contract.go:202.16,204.3 1 0
github.com/luxfi/evm/precompile/contracts/warp/contract.go:205.2,206.22 2 0
github.com/luxfi/evm/precompile/contracts/warp/contract.go:210.62,212.2 1 0
github.com/luxfi/evm/precompile/contracts/warp/contract.go:216.71,218.2 1 0
github.com/luxfi/evm/precompile/contracts/warp/contract.go:222.70,224.16 2 0
github.com/luxfi/evm/precompile/contracts/warp/contract.go:224.16,226.3 1 0
github.com/luxfi/evm/precompile/contracts/warp/contract.go:227.2,228.22 2 0
github.com/luxfi/evm/precompile/contracts/warp/contract.go:233.202,234.93 1 0
github.com/luxfi/evm/precompile/contracts/warp/contract.go:234.93,236.3 1 0
github.com/luxfi/evm/precompile/contracts/warp/contract.go:239.2,240.14 2 0
github.com/luxfi/evm/precompile/contracts/warp/contract.go:240.14,242.3 1 0
github.com/luxfi/evm/precompile/contracts/warp/contract.go:243.2,243.82 1 0
github.com/luxfi/evm/precompile/contracts/warp/contract.go:243.82,245.3 1 0
github.com/luxfi/evm/precompile/contracts/warp/contract.go:246.2,246.14 1 0
github.com/luxfi/evm/precompile/contracts/warp/contract.go:246.14,248.3 1 0
github.com/luxfi/evm/precompile/contracts/warp/contract.go:250.2,251.16 2 0
github.com/luxfi/evm/precompile/contracts/warp/contract.go:251.16,253.3 1 0
github.com/luxfi/evm/precompile/contracts/warp/contract.go:255.2,265.16 4 0
github.com/luxfi/evm/precompile/contracts/warp/contract.go:265.16,267.3 1 0
github.com/luxfi/evm/precompile/contracts/warp/contract.go:268.2,273.16 2 0
github.com/luxfi/evm/precompile/contracts/warp/contract.go:273.16,275.3 1 0
github.com/luxfi/evm/precompile/contracts/warp/contract.go:278.2,283.16 2 0
github.com/luxfi/evm/precompile/contracts/warp/contract.go:283.16,285.3 1 0
github.com/luxfi/evm/precompile/contracts/warp/contract.go:286.2,294.16 3 0
github.com/luxfi/evm/precompile/contracts/warp/contract.go:294.16,296.3 1 0
github.com/luxfi/evm/precompile/contracts/warp/contract.go:299.2,299.34 1 0
github.com/luxfi/evm/precompile/contracts/warp/contract.go:303.152,305.2 1 0
github.com/luxfi/evm/precompile/contracts/warp/contract.go:308.83,311.16 3 0
github.com/luxfi/evm/precompile/contracts/warp/contract.go:311.16,313.3 1 0
github.com/luxfi/evm/precompile/contracts/warp/contract.go:314.2,314.49 1 0
github.com/luxfi/evm/precompile/contracts/warp/contract.go:318.66,328.45 3 1
github.com/luxfi/evm/precompile/contracts/warp/contract.go:328.45,330.10 2 4
github.com/luxfi/evm/precompile/contracts/warp/contract.go:330.10,331.74 1 0
github.com/luxfi/evm/precompile/contracts/warp/contract.go:333.3,333.93 1 4
github.com/luxfi/evm/precompile/contracts/warp/contract.go:336.2,337.16 2 1
github.com/luxfi/evm/precompile/contracts/warp/contract.go:337.16,338.13 1 0
github.com/luxfi/evm/precompile/contracts/warp/contract.go:340.2,340.25 1 1
github.com/luxfi/evm/precompile/contracts/warp/contract_warp_handler.go:30.13,32.16 2 1
github.com/luxfi/evm/precompile/contracts/warp/contract_warp_handler.go:32.16,33.13 1 0
github.com/luxfi/evm/precompile/contracts/warp/contract_warp_handler.go:35.2,38.16 3 1
github.com/luxfi/evm/precompile/contracts/warp/contract_warp_handler.go:38.16,39.13 1 0
github.com/luxfi/evm/precompile/contracts/warp/contract_warp_handler.go:41.2,41.45 1 1
github.com/luxfi/evm/precompile/contracts/warp/contract_warp_handler.go:49.148,51.16 2 0
github.com/luxfi/evm/precompile/contracts/warp/contract_warp_handler.go:51.16,53.3 1 0
github.com/luxfi/evm/precompile/contracts/warp/contract_warp_handler.go:55.2,56.16 2 0
github.com/luxfi/evm/precompile/contracts/warp/contract_warp_handler.go:56.16,58.3 1 0
github.com/luxfi/evm/precompile/contracts/warp/contract_warp_handler.go:59.2,59.36 1 0
github.com/luxfi/evm/precompile/contracts/warp/contract_warp_handler.go:59.36,61.3 1 0
github.com/luxfi/evm/precompile/contracts/warp/contract_warp_handler.go:62.2,67.12 6 0
github.com/luxfi/evm/precompile/contracts/warp/contract_warp_handler.go:67.12,69.3 1 0
github.com/luxfi/evm/precompile/contracts/warp/contract_warp_handler.go:73.2,74.14 2 0
github.com/luxfi/evm/precompile/contracts/warp/contract_warp_handler.go:74.14,76.3 1 0
github.com/luxfi/evm/precompile/contracts/warp/contract_warp_handler.go:77.2,77.83 1 0
github.com/luxfi/evm/precompile/contracts/warp/contract_warp_handler.go:77.83,79.3 1 0
github.com/luxfi/evm/precompile/contracts/warp/contract_warp_handler.go:82.2,83.16 2 0
github.com/luxfi/evm/precompile/contracts/warp/contract_warp_handler.go:83.16,85.3 1 0
github.com/luxfi/evm/precompile/contracts/warp/contract_warp_handler.go:86.2,87.16 2 0
github.com/luxfi/evm/precompile/contracts/warp/contract_warp_handler.go:87.16,89.3 1 0
github.com/luxfi/evm/precompile/contracts/warp/contract_warp_handler.go:90.2,91.16 2 0
github.com/luxfi/evm/precompile/contracts/warp/contract_warp_handler.go:91.16,93.3 1 0
github.com/luxfi/evm/precompile/contracts/warp/contract_warp_handler.go:94.2,94.31 1 0
github.com/luxfi/evm/precompile/contracts/warp/contract_warp_handler.go:99.52,101.2 1 0
github.com/luxfi/evm/precompile/contracts/warp/contract_warp_handler.go:103.89,105.16 2 0
github.com/luxfi/evm/precompile/contracts/warp/contract_warp_handler.go:105.16,107.3 1 0
github.com/luxfi/evm/precompile/contracts/warp/contract_warp_handler.go:109.2,110.9 2 0
github.com/luxfi/evm/precompile/contracts/warp/contract_warp_handler.go:110.9,112.3 1 0
github.com/luxfi/evm/precompile/contracts/warp/contract_warp_handler.go:113.2,120.4 1 0
github.com/luxfi/evm/precompile/contracts/warp/contract_warp_handler.go:125.45,127.2 1 0
github.com/luxfi/evm/precompile/contracts/warp/contract_warp_handler.go:129.82,131.16 2 0
github.com/luxfi/evm/precompile/contracts/warp/contract_warp_handler.go:131.16,133.3 1 0
github.com/luxfi/evm/precompile/contracts/warp/contract_warp_handler.go:135.2,136.9 2 0
github.com/luxfi/evm/precompile/contracts/warp/contract_warp_handler.go:136.9,138.3 1 0
github.com/luxfi/evm/precompile/contracts/warp/contract_warp_handler.go:139.2,145.4 1 0
github.com/luxfi/evm/precompile/contracts/warp/module.go:35.13,38.55 1 1
github.com/luxfi/evm/precompile/contracts/warp/module.go:38.55,39.13 1 0
github.com/luxfi/evm/precompile/contracts/warp/module.go:45.59,47.2 1 0
github.com/luxfi/evm/precompile/contracts/warp/module.go:50.171,51.33 1 0
github.com/luxfi/evm/precompile/contracts/warp/module.go:51.33,53.3 1 0
github.com/luxfi/evm/precompile/contracts/warp/module.go:54.2,54.12 1 0
